[INFO] 2025-03-21 22:24:58,096 autoreload Watching for file changes with StatReloader
[INFO] 2025-03-21 22:25:05,834 basehttp "GET / HTTP/1.1" 302 0
[INFO] 2025-03-21 22:25:07,161 basehttp "GET /accounts/login/?next=/ HTTP/1.1" 200 1871
[INFO] 2025-03-21 22:25:07,205 basehttp "GET /static/img/logo6.png HTTP/1.1" 304 0
[INFO] 2025-03-21 22:25:07,208 basehttp "GET /static/img/logoad2.png HTTP/1.1" 304 0
[INFO] 2025-03-21 22:25:07,316 basehttp "GET /static/css/style.css HTTP/1.1" 304 0
[WARNING] 2025-03-21 22:25:10,845 log Not Found: /favicon.ico
[WARNING] 2025-03-21 22:25:12,029 basehttp "GET /favicon.ico HTTP/1.1" 404 179
[INFO] 2025-03-21 22:25:19,675 basehttp "GET /admin/ HTTP/1.1" 302 0
[INFO] 2025-03-21 22:25:21,038 basehttp "GET /admin/login/?next=/admin/ HTTP/1.1" 200 3097
[INFO] 2025-03-21 22:25:21,068 basehttp "GET /static/vendor/adminlte/img/AdminLTELogo.png HTTP/1.1" 200 2637
[INFO] 2025-03-21 22:25:21,071 basehttp "GET /static/jazzmin/css/main.css HTTP/1.1" 200 16969
[INFO] 2025-03-21 22:25:21,071 basehttp "GET /static/vendor/bootstrap/js/bootstrap.min.js HTTP/1.1" 200 62440
[INFO] 2025-03-21 22:25:21,078 basehttp "GET /static/admin/js/vendor/jquery/jquery.js HTTP/1.1" 200 285314
[INFO] 2025-03-21 22:25:21,095 basehttp "GET /static/vendor/adminlte/css/adminlte.min.css HTTP/1.1" 200 1382975
[INFO] 2025-03-21 22:25:21,202 basehttp "GET /static/vendor/fontawesome-free/css/all.min.css HTTP/1.1" 200 103009
[INFO] 2025-03-21 22:25:22,453 basehttp "GET /static/vendor/adminlte/js/adminlte.min.js HTTP/1.1" 200 44244
[INFO] 2025-03-21 22:25:28,450 basehttp "GET /static/vendor/fontawesome-free/webfonts/fa-solid-900.woff2 HTTP/1.1" 200 156400
[INFO] 2025-03-21 22:25:34,325 basehttp "POST /admin/login/?next=/admin/ HTTP/1.1" 302 0
[INFO] 2025-03-21 22:25:36,354 basehttp "GET /admin/ HTTP/1.1" 200 9572
[INFO] 2025-03-21 22:25:36,403 basehttp "GET /static/vendor/fontawesome-free/webfonts/fa-regular-400.woff2 HTTP/1.1" 200 25392
[INFO] 2025-03-21 22:25:36,505 basehttp "GET /static/jazzmin/js/main.js HTTP/1.1" 200 2391
[INFO] 2025-03-21 22:25:46,333 basehttp - Broken pipe from ('127.0.0.1', 64034)
[INFO] 2025-03-21 22:25:48,515 basehttp "GET /admin/auth/user/ HTTP/1.1" 200 20275
[INFO] 2025-03-21 22:25:48,554 basehttp "GET /static/admin/js/jquery.init.js HTTP/1.1" 200 347
[INFO] 2025-03-21 22:25:48,556 basehttp "GET /static/admin/js/core.js HTTP/1.1" 200 6208
[INFO] 2025-03-21 22:25:48,557 basehttp "GET /static/admin/js/vendor/jquery/jquery.min.js HTTP/1.1" 200 87533
[INFO] 2025-03-21 22:25:48,559 basehttp "GET /static/admin/js/vendor/xregexp/xregexp.min.js HTTP/1.1" 200 163184
[INFO] 2025-03-21 22:25:48,665 basehttp "GET /static/vendor/select2/css/select2.min.css HTTP/1.1" 200 16264
[INFO] 2025-03-21 22:25:49,836 basehttp "GET /static/admin/js/admin/RelatedObjectLookups.js HTTP/1.1" 200 9097
[INFO] 2025-03-21 22:25:49,858 basehttp "GET /admin/jsi18n/ HTTP/1.1" 200 8959
[INFO] 2025-03-21 22:25:51,029 basehttp "GET /static/admin/js/actions.js HTTP/1.1" 200 8076
[INFO] 2025-03-21 22:25:52,185 basehttp "GET /static/admin/js/urlify.js HTTP/1.1" 200 7887
[INFO] 2025-03-21 22:25:53,450 basehttp "GET /static/admin/js/prepopulate.js HTTP/1.1" 200 1531
[INFO] 2025-03-21 22:25:54,608 basehttp "GET /static/admin/img/icon-no.svg HTTP/1.1" 200 560
[INFO] 2025-03-21 22:25:55,796 basehttp "GET /static/admin/img/icon-yes.svg HTTP/1.1" 200 436
[INFO] 2025-03-21 22:25:58,253 basehttp "GET /static/jazzmin/js/change_list.js HTTP/1.1" 200 2252
[INFO] 2025-03-21 22:25:59,437 basehttp "GET /static/vendor/select2/js/select2.min.js HTTP/1.1" 200 73170
[INFO] 2025-03-21 22:30:03,747 autoreload C:\Users\Jorge\gestao_ocorrencias\gestao_ocorrencias\settings.py changed, reloading.
[INFO] 2025-03-21 22:30:05,240 autoreload Watching for file changes with StatReloader
[INFO] 2025-03-21 22:30:37,340 basehttp "GET /admin/auth/user/ HTTP/1.1" 200 23095
[INFO] 2025-03-21 22:30:37,372 basehttp "GET /static/vendor/adminlte/css/adminlte.min.css HTTP/1.1" 304 0
[INFO] 2025-03-21 22:30:37,377 basehttp "GET /static/jazzmin/css/main.css HTTP/1.1" 304 0
[INFO] 2025-03-21 22:30:37,380 basehttp "GET /static/vendor/select2/css/select2.min.css HTTP/1.1" 304 0
[INFO] 2025-03-21 22:30:37,380 basehttp "GET /static/css/admin_custom.css HTTP/1.1" 200 884
[INFO] 2025-03-21 22:30:37,492 basehttp "GET /static/vendor/fontawesome-free/css/all.min.css HTTP/1.1" 304 0
[INFO] 2025-03-21 22:30:38,666 basehttp "GET /static/admin/js/vendor/jquery/jquery.min.js HTTP/1.1" 304 0
[INFO] 2025-03-21 22:30:38,690 basehttp "GET /admin/jsi18n/ HTTP/1.1" 200 8959
[INFO] 2025-03-21 22:30:39,830 basehttp "GET /static/admin/js/jquery.init.js HTTP/1.1" 304 0
[INFO] 2025-03-21 22:30:41,008 basehttp "GET /static/admin/js/core.js HTTP/1.1" 304 0
[INFO] 2025-03-21 22:30:42,164 basehttp "GET /static/admin/js/admin/RelatedObjectLookups.js HTTP/1.1" 304 0
[INFO] 2025-03-21 22:30:43,329 basehttp "GET /static/admin/js/actions.js HTTP/1.1" 304 0
[INFO] 2025-03-21 22:30:44,488 basehttp "GET /static/admin/js/urlify.js HTTP/1.1" 304 0
[INFO] 2025-03-21 22:30:44,635 basehttp "GET /static/admin/js/prepopulate.js HTTP/1.1" 304 0
[INFO] 2025-03-21 22:30:45,823 basehttp "GET /static/admin/js/vendor/xregexp/xregexp.min.js HTTP/1.1" 304 0
[INFO] 2025-03-21 22:30:46,982 basehttp "GET /static/images/logo.png HTTP/1.1" 200 4306
[INFO] 2025-03-21 22:30:48,143 basehttp "GET /static/admin/img/icon-no.svg HTTP/1.1" 304 0
[INFO] 2025-03-21 22:30:49,324 basehttp "GET /static/vendor/adminlte/js/adminlte.min.js HTTP/1.1" 304 0
[INFO] 2025-03-21 22:30:50,591 basehttp "GET /static/vendor/bootstrap/js/bootstrap.min.js HTTP/1.1" 304 0
[INFO] 2025-03-21 22:30:51,824 basehttp "GET /static/admin/js/vendor/jquery/jquery.js HTTP/1.1" 304 0
[INFO] 2025-03-21 22:30:52,981 basehttp "GET /static/admin/img/icon-yes.svg HTTP/1.1" 304 0
[INFO] 2025-03-21 22:30:54,132 basehttp "GET /static/jazzmin/js/main.js HTTP/1.1" 304 0
[INFO] 2025-03-21 22:30:55,292 basehttp "GET /static/js/admin_custom.js HTTP/1.1" 200 629
[INFO] 2025-03-21 22:30:56,468 basehttp "GET /static/vendor/select2/js/select2.min.js HTTP/1.1" 304 0
[INFO] 2025-03-21 22:30:57,633 basehttp "GET /static/jazzmin/js/change_list.js HTTP/1.1" 304 0
[WARNING] 2025-03-21 22:31:04,656 log Not Found: /static/images/favicon.ico
[WARNING] 2025-03-21 22:31:05,813 basehttp "GET /static/images/favicon.ico HTTP/1.1" 404 179
[INFO] 2025-03-21 22:31:05,900 basehttp "GET /dashboard/ HTTP/1.1" 200 17847
[INFO] 2025-03-21 22:31:12,120 basehttp "GET /admin/auth/user/ HTTP/1.1" 200 23095
[INFO] 2025-03-21 22:32:13,519 basehttp "GET /admin/ HTTP/1.1" 200 12392
[INFO] 2025-03-21 22:32:16,239 basehttp "GET /admin/login/?next=/admin/ HTTP/1.1" 302 0
[INFO] 2025-03-21 22:32:18,053 basehttp - Broken pipe from ('127.0.0.1', 64321)
[INFO] 2025-03-21 22:32:20,328 basehttp "GET /admin/auth/user/ HTTP/1.1" 200 23095
[ERROR] 2025-03-21 22:32:24,008 log Internal Server Error: /admin/auth/user/1/change/
Traceback (most recent call last):
  File "C:\Users\Jorge\gestao_ocorrencias\venv\Lib\site-packages\django\core\handlers\exception.py", line 55, in inner
    response = get_response(request)
               ^^^^^^^^^^^^^^^^^^^^^
  File "C:\Users\Jorge\gestao_ocorrencias\venv\Lib\site-packages\django\core\handlers\base.py", line 220, in _get_response
    response = response.render()
               ^^^^^^^^^^^^^^^^^
  File "C:\Users\Jorge\gestao_ocorrencias\venv\Lib\site-packages\django\template\response.py", line 114, in render
    self.content = self.rendered_content
                   ^^^^^^^^^^^^^^^^^^^^^
  File "C:\Users\Jorge\gestao_ocorrencias\venv\Lib\site-packages\django\template\response.py", line 92, in rendered_content
    return template.render(context, self._request)
           ^^^^^^^^^^^^^^^^^^^^^^^^^^^^^^^^^^^^^^^
  File "C:\Users\Jorge\gestao_ocorrencias\venv\Lib\site-packages\django\template\backends\django.py", line 107, in render
    return self.template.render(context)
           ^^^^^^^^^^^^^^^^^^^^^^^^^^^^^
  File "C:\Users\Jorge\gestao_ocorrencias\venv\Lib\site-packages\django\template\base.py", line 171, in render
    return self._render(context)
           ^^^^^^^^^^^^^^^^^^^^^
  File "C:\Users\Jorge\gestao_ocorrencias\venv\Lib\site-packages\django\template\base.py", line 163, in _render
    return self.nodelist.render(context)
           ^^^^^^^^^^^^^^^^^^^^^^^^^^^^^
  File "C:\Users\Jorge\gestao_ocorrencias\venv\Lib\site-packages\django\template\base.py", line 1008, in render
    return SafeString("".join([node.render_annotated(context) for node in self]))
                               ^^^^^^^^^^^^^^^^^^^^^^^^^^^^^^
  File "C:\Users\Jorge\gestao_ocorrencias\venv\Lib\site-packages\django\template\base.py", line 969, in render_annotated
    return self.render(context)
           ^^^^^^^^^^^^^^^^^^^^
  File "C:\Users\Jorge\gestao_ocorrencias\venv\Lib\site-packages\django\template\loader_tags.py", line 159, in render
    return compiled_parent._render(context)
           ^^^^^^^^^^^^^^^^^^^^^^^^^^^^^^^^
  File "C:\Users\Jorge\gestao_ocorrencias\venv\Lib\site-packages\django\template\base.py", line 163, in _render
    return self.nodelist.render(context)
           ^^^^^^^^^^^^^^^^^^^^^^^^^^^^^
  File "C:\Users\Jorge\gestao_ocorrencias\venv\Lib\site-packages\django\template\base.py", line 1008, in render
    return SafeString("".join([node.render_annotated(context) for node in self]))
                               ^^^^^^^^^^^^^^^^^^^^^^^^^^^^^^
  File "C:\Users\Jorge\gestao_ocorrencias\venv\Lib\site-packages\django\template\base.py", line 969, in render_annotated
    return self.render(context)
           ^^^^^^^^^^^^^^^^^^^^
  File "C:\Users\Jorge\gestao_ocorrencias\venv\Lib\site-packages\django\template\loader_tags.py", line 159, in render
    return compiled_parent._render(context)
           ^^^^^^^^^^^^^^^^^^^^^^^^^^^^^^^^
  File "C:\Users\Jorge\gestao_ocorrencias\venv\Lib\site-packages\django\template\base.py", line 163, in _render
    return self.nodelist.render(context)
           ^^^^^^^^^^^^^^^^^^^^^^^^^^^^^
  File "C:\Users\Jorge\gestao_ocorrencias\venv\Lib\site-packages\django\template\base.py", line 1008, in render
    return SafeString("".join([node.render_annotated(context) for node in self]))
                               ^^^^^^^^^^^^^^^^^^^^^^^^^^^^^^
  File "C:\Users\Jorge\gestao_ocorrencias\venv\Lib\site-packages\django\template\base.py", line 969, in render_annotated
    return self.render(context)
           ^^^^^^^^^^^^^^^^^^^^
  File "C:\Users\Jorge\gestao_ocorrencias\venv\Lib\site-packages\django\template\loader_tags.py", line 65, in render
    result = block.nodelist.render(context)
             ^^^^^^^^^^^^^^^^^^^^^^^^^^^^^^
  File "C:\Users\Jorge\gestao_ocorrencias\venv\Lib\site-packages\django\template\base.py", line 1008, in render
    return SafeString("".join([node.render_annotated(context) for node in self]))
                               ^^^^^^^^^^^^^^^^^^^^^^^^^^^^^^
  File "C:\Users\Jorge\gestao_ocorrencias\venv\Lib\site-packages\django\template\base.py", line 969, in render_annotated
    return self.render(context)
           ^^^^^^^^^^^^^^^^^^^^
  File "C:\Users\Jorge\gestao_ocorrencias\venv\Lib\site-packages\django\template\loader_tags.py", line 65, in render
    result = block.nodelist.render(context)
             ^^^^^^^^^^^^^^^^^^^^^^^^^^^^^^
  File "C:\Users\Jorge\gestao_ocorrencias\venv\Lib\site-packages\django\template\base.py", line 1008, in render
    return SafeString("".join([node.render_annotated(context) for node in self]))
                               ^^^^^^^^^^^^^^^^^^^^^^^^^^^^^^
  File "C:\Users\Jorge\gestao_ocorrencias\venv\Lib\site-packages\django\template\base.py", line 969, in render_annotated
    return self.render(context)
           ^^^^^^^^^^^^^^^^^^^^
  File "C:\Users\Jorge\gestao_ocorrencias\venv\Lib\site-packages\django\template\loader_tags.py", line 65, in render
    result = block.nodelist.render(context)
             ^^^^^^^^^^^^^^^^^^^^^^^^^^^^^^
  File "C:\Users\Jorge\gestao_ocorrencias\venv\Lib\site-packages\django\template\base.py", line 1008, in render
    return SafeString("".join([node.render_annotated(context) for node in self]))
                               ^^^^^^^^^^^^^^^^^^^^^^^^^^^^^^
  File "C:\Users\Jorge\gestao_ocorrencias\venv\Lib\site-packages\django\template\base.py", line 969, in render_annotated
    return self.render(context)
           ^^^^^^^^^^^^^^^^^^^^
  File "C:\Users\Jorge\gestao_ocorrencias\venv\Lib\site-packages\django\template\loader_tags.py", line 210, in render
    return template.render(context)
           ^^^^^^^^^^^^^^^^^^^^^^^^
  File "C:\Users\Jorge\gestao_ocorrencias\venv\Lib\site-packages\django\template\base.py", line 173, in render
    return self._render(context)
           ^^^^^^^^^^^^^^^^^^^^^
  File "C:\Users\Jorge\gestao_ocorrencias\venv\Lib\site-packages\django\template\base.py", line 163, in _render
    return self.nodelist.render(context)
           ^^^^^^^^^^^^^^^^^^^^^^^^^^^^^
  File "C:\Users\Jorge\gestao_ocorrencias\venv\Lib\site-packages\django\template\base.py", line 1008, in render
    return SafeString("".join([node.render_annotated(context) for node in self]))
                               ^^^^^^^^^^^^^^^^^^^^^^^^^^^^^^
  File "C:\Users\Jorge\gestao_ocorrencias\venv\Lib\site-packages\django\template\base.py", line 969, in render_annotated
    return self.render(context)
           ^^^^^^^^^^^^^^^^^^^^
  File "C:\Users\Jorge\gestao_ocorrencias\venv\Lib\site-packages\django\template\defaulttags.py", line 243, in render
    nodelist.append(node.render_annotated(context))
                    ^^^^^^^^^^^^^^^^^^^^^^^^^^^^^^
  File "C:\Users\Jorge\gestao_ocorrencias\venv\Lib\site-packages\django\template\base.py", line 969, in render_annotated
    return self.render(context)
           ^^^^^^^^^^^^^^^^^^^^
  File "C:\Users\Jorge\gestao_ocorrencias\venv\Lib\site-packages\django\template\defaulttags.py", line 327, in render
    return nodelist.render(context)
           ^^^^^^^^^^^^^^^^^^^^^^^^
  File "C:\Users\Jorge\gestao_ocorrencias\venv\Lib\site-packages\django\template\base.py", line 1008, in render
    return SafeString("".join([node.render_annotated(context) for node in self]))
                               ^^^^^^^^^^^^^^^^^^^^^^^^^^^^^^
  File "C:\Users\Jorge\gestao_ocorrencias\venv\Lib\site-packages\django\template\base.py", line 969, in render_annotated
    return self.render(context)
           ^^^^^^^^^^^^^^^^^^^^
  File "C:\Users\Jorge\gestao_ocorrencias\venv\Lib\site-packages\django\template\loader_tags.py", line 210, in render
    return template.render(context)
           ^^^^^^^^^^^^^^^^^^^^^^^^
  File "C:\Users\Jorge\gestao_ocorrencias\venv\Lib\site-packages\django\template\base.py", line 173, in render
    return self._render(context)
           ^^^^^^^^^^^^^^^^^^^^^
  File "C:\Users\Jorge\gestao_ocorrencias\venv\Lib\site-packages\django\template\base.py", line 163, in _render
    return self.nodelist.render(context)
           ^^^^^^^^^^^^^^^^^^^^^^^^^^^^^
  File "C:\Users\Jorge\gestao_ocorrencias\venv\Lib\site-packages\django\template\base.py", line 1008, in render
    return SafeString("".join([node.render_annotated(context) for node in self]))
                               ^^^^^^^^^^^^^^^^^^^^^^^^^^^^^^
  File "C:\Users\Jorge\gestao_ocorrencias\venv\Lib\site-packages\django\template\base.py", line 969, in render_annotated
    return self.render(context)
           ^^^^^^^^^^^^^^^^^^^^
  File "C:\Users\Jorge\gestao_ocorrencias\venv\Lib\site-packages\django\template\defaulttags.py", line 243, in render
    nodelist.append(node.render_annotated(context))
                    ^^^^^^^^^^^^^^^^^^^^^^^^^^^^^^
  File "C:\Users\Jorge\gestao_ocorrencias\venv\Lib\site-packages\django\template\base.py", line 969, in render_annotated
    return self.render(context)
           ^^^^^^^^^^^^^^^^^^^^
  File "C:\Users\Jorge\gestao_ocorrencias\venv\Lib\site-packages\django\template\defaulttags.py", line 243, in render
    nodelist.append(node.render_annotated(context))
                    ^^^^^^^^^^^^^^^^^^^^^^^^^^^^^^
  File "C:\Users\Jorge\gestao_ocorrencias\venv\Lib\site-packages\django\template\base.py", line 969, in render_annotated
    return self.render(context)
           ^^^^^^^^^^^^^^^^^^^^
  File "C:\Users\Jorge\gestao_ocorrencias\venv\Lib\site-packages\django\template\defaulttags.py", line 327, in render
    return nodelist.render(context)
           ^^^^^^^^^^^^^^^^^^^^^^^^
  File "C:\Users\Jorge\gestao_ocorrencias\venv\Lib\site-packages\django\template\base.py", line 1008, in render
    return SafeString("".join([node.render_annotated(context) for node in self]))
                               ^^^^^^^^^^^^^^^^^^^^^^^^^^^^^^
  File "C:\Users\Jorge\gestao_ocorrencias\venv\Lib\site-packages\django\template\base.py", line 969, in render_annotated
    return self.render(context)
           ^^^^^^^^^^^^^^^^^^^^
  File "C:\Users\Jorge\gestao_ocorrencias\venv\Lib\site-packages\django\template\base.py", line 1073, in render
    return render_value_in_context(output, context)
           ^^^^^^^^^^^^^^^^^^^^^^^^^^^^^^^^^^^^^^^^
  File "C:\Users\Jorge\gestao_ocorrencias\venv\Lib\site-packages\django\template\base.py", line 1050, in render_value_in_context
    value = str(value)
            ^^^^^^^^^^
  File "C:\Users\Jorge\gestao_ocorrencias\venv\Lib\site-packages\django\forms\utils.py", line 79, in __str__
    return self.as_widget()
           ^^^^^^^^^^^^^^^^
  File "C:\Users\Jorge\gestao_ocorrencias\venv\Lib\site-packages\django\forms\boundfield.py", line 108, in as_widget
    return widget.render(
           ^^^^^^^^^^^^^^
  File "C:\Users\Jorge\gestao_ocorrencias\venv\Lib\site-packages\django\forms\widgets.py", line 278, in render
    context = self.get_context(name, value, attrs)
              ^^^^^^^^^^^^^^^^^^^^^^^^^^^^^^^^^^^^
  File "C:\Users\Jorge\gestao_ocorrencias\venv\Lib\site-packages\django\contrib\admin\widgets.py", line 329, in get_context
    "rendered_widget": self.widget.render(name, value, attrs),
                       ^^^^^^^^^^^^^^^^^^^^^^^^^^^^^^^^^^^^^^
  File "C:\Users\Jorge\gestao_ocorrencias\venv\Lib\site-packages\django\forms\widgets.py", line 278, in render
    context = self.get_context(name, value, attrs)
              ^^^^^^^^^^^^^^^^^^^^^^^^^^^^^^^^^^^^
  File "C:\Users\Jorge\gestao_ocorrencias\venv\Lib\site-packages\django\contrib\admin\widgets.py", line 43, in get_context
    context = super().get_context(name, value, attrs)
              ^^^^^^^^^^^^^^^^^^^^^^^^^^^^^^^^^^^^^^^
  File "C:\Users\Jorge\gestao_ocorrencias\venv\Lib\site-packages\django\forms\widgets.py", line 764, in get_context
    context = super().get_context(name, value, attrs)
              ^^^^^^^^^^^^^^^^^^^^^^^^^^^^^^^^^^^^^^^
  File "C:\Users\Jorge\gestao_ocorrencias\venv\Lib\site-packages\django\forms\widgets.py", line 715, in get_context
    context["widget"]["optgroups"] = self.optgroups(
                                     ^^^^^^^^^^^^^^^
  File "C:\Users\Jorge\gestao_ocorrencias\venv\Lib\site-packages\django\forms\widgets.py", line 655, in optgroups
    for index, (option_value, option_label) in enumerate(self.choices):
                                               ^^^^^^^^^^^^^^^^^^^^^^^
  File "C:\Users\Jorge\gestao_ocorrencias\venv\Lib\site-packages\django\forms\models.py", line 1424, in __iter__
    for obj in queryset:
               ^^^^^^^^
  File "C:\Users\Jorge\gestao_ocorrencias\venv\Lib\site-packages\django\db\models\query.py", line 518, in _iterator
    yield from iterable
  File "C:\Users\Jorge\gestao_ocorrencias\venv\Lib\site-packages\django\db\models\query.py", line 123, in __iter__
    for row in compiler.results_iter(results):
               ^^^^^^^^^^^^^^^^^^^^^^^^^^^^^^
  File "C:\Users\Jorge\gestao_ocorrencias\venv\Lib\site-packages\django\db\models\sql\compiler.py", line 2115, in cursor_iter
    cursor.close()
  File "C:\Users\Jorge\gestao_ocorrencias\venv\Lib\site-packages\psycopg\server_cursor.py", line 268, in close
    self._conn.wait(self._close_gen())
  File "C:\Users\Jorge\gestao_ocorrencias\venv\Lib\site-packages\psycopg\connection.py", line 407, in wait
    return waiting.wait(gen, self.pgconn.socket, interval=interval)
           ^^^^^^^^^^^^^^^^^^^^^^^^^^^^^^^^^^^^^^^^^^^^^^^^^^^^^^^^
  File "C:\Users\Jorge\gestao_ocorrencias\venv\Lib\site-packages\psycopg\waiting.py", line 256, in wait_select
    s = gen.send(ready)
        ^^^^^^^^^^^^^^^
  File "C:\Users\Jorge\gestao_ocorrencias\venv\Lib\site-packages\psycopg\server_cursor.py", line 160, in _close_gen
    yield from self._conn._exec_command(query)
  File "C:\Users\Jorge\gestao_ocorrencias\venv\Lib\site-packages\psycopg\_connection_base.py", line 479, in _exec_command
    raise e.error_from_result(result, encoding=self.pgconn._encoding)
psycopg.errors.InvalidCursorName: cursor "_django_curs_1568_sync_1" does not exist
[INFO] 2025-03-21 22:32:24,333 basehttp - Broken pipe from ('127.0.0.1', 64322)
[INFO] 2025-03-21 22:32:26,319 basehttp "GET /admin/auth/user/1/change/ HTTP/1.1" 200 43255
[INFO] 2025-03-21 22:32:26,354 basehttp "GET /static/vendor/adminlte/css/adminlte.min.css HTTP/1.1" 304 0
[INFO] 2025-03-21 22:32:26,354 basehttp "GET /static/jazzmin/css/main.css HTTP/1.1" 304 0
[INFO] 2025-03-21 22:32:26,354 basehttp "GET /static/css/admin_custom.css HTTP/1.1" 304 0
[INFO] 2025-03-21 22:32:26,363 basehttp "GET /static/admin/js/vendor/jquery/jquery.min.js HTTP/1.1" 304 0
[INFO] 2025-03-21 22:32:26,468 basehttp "GET /static/vendor/fontawesome-free/css/all.min.css HTTP/1.1" 304 0
[INFO] 2025-03-21 22:32:27,626 basehttp "GET /static/vendor/select2/css/select2.min.css HTTP/1.1" 304 0
[INFO] 2025-03-21 22:32:27,751 basehttp "GET /admin/jsi18n/ HTTP/1.1" 200 8959
[INFO] 2025-03-21 22:32:28,809 basehttp "GET /static/admin/js/jquery.init.js HTTP/1.1" 304 0
[INFO] 2025-03-21 22:32:29,963 basehttp "GET /static/admin/js/calendar.js HTTP/1.1" 200 9141
[INFO] 2025-03-21 22:32:31,117 basehttp "GET /static/admin/js/admin/DateTimeShortcuts.js HTTP/1.1" 200 19319
[INFO] 2025-03-21 22:32:32,270 basehttp "GET /static/admin/js/core.js HTTP/1.1" 304 0
[INFO] 2025-03-21 22:32:33,460 basehttp "GET /static/admin/js/admin/RelatedObjectLookups.js HTTP/1.1" 304 0
[INFO] 2025-03-21 22:32:33,608 basehttp "GET /static/admin/js/SelectBox.js HTTP/1.1" 200 4530
[INFO] 2025-03-21 22:32:34,796 basehttp "GET /static/admin/js/actions.js HTTP/1.1" 304 0
[INFO] 2025-03-21 22:32:35,988 basehttp "GET /static/admin/js/urlify.js HTTP/1.1" 304 0
[INFO] 2025-03-21 22:32:37,159 basehttp "GET /static/admin/js/prepopulate.js HTTP/1.1" 304 0
[INFO] 2025-03-21 22:32:38,337 basehttp "GET /static/admin/js/vendor/xregexp/xregexp.min.js HTTP/1.1" 304 0
[INFO] 2025-03-21 22:32:39,528 basehttp "GET /static/admin/js/SelectFilter2.js HTTP/1.1" 200 15502
[INFO] 2025-03-21 22:32:40,695 basehttp "GET /static/images/logo.png HTTP/1.1" 304 0
[INFO] 2025-03-21 22:32:41,851 basehttp "GET /static/admin/js/change_form.js HTTP/1.1" 200 606
[INFO] 2025-03-21 22:32:43,004 basehttp "GET /static/vendor/adminlte/js/adminlte.min.js HTTP/1.1" 304 0
[INFO] 2025-03-21 22:32:44,173 basehttp "GET /static/vendor/bootstrap/js/bootstrap.min.js HTTP/1.1" 304 0
[INFO] 2025-03-21 22:32:45,463 basehttp "GET /static/admin/js/vendor/jquery/jquery.js HTTP/1.1" 304 0
[INFO] 2025-03-21 22:32:45,919 basehttp "GET /admin/ HTTP/1.1" 200 12392
[INFO] 2025-03-21 22:32:45,972 basehttp "GET /static/js/admin_custom.js HTTP/1.1" 200 629
[INFO] 2025-03-21 22:32:46,641 basehttp - Broken pipe from ('127.0.0.1', 64325)
[INFO] 2025-03-21 22:32:47,805 basehttp - Broken pipe from ('127.0.0.1', 64379)
[INFO] 2025-03-21 22:32:48,970 basehttp - Broken pipe from ('127.0.0.1', 64324)
[INFO] 2025-03-21 22:32:50,121 basehttp - Broken pipe from ('127.0.0.1', 64327)
[INFO] 2025-03-21 22:32:51,323 basehttp - Broken pipe from ('127.0.0.1', 64380)
[INFO] 2025-03-21 22:32:52,834 basehttp - Broken pipe from ('127.0.0.1', 64326)
[INFO] 2025-03-21 22:32:52,980 basehttp "GET /static/jazzmin/js/main.js HTTP/1.1" 200 2391
[INFO] 2025-03-21 22:33:09,060 basehttp "GET /admin/auth/group/ HTTP/1.1" 200 16039
[INFO] 2025-03-21 22:33:09,096 basehttp "GET /static/jazzmin/js/change_list.js HTTP/1.1" 304 0
[INFO] 2025-03-21 22:33:09,097 basehttp "GET /static/vendor/select2/js/select2.min.js HTTP/1.1" 200 73170
[INFO] 2025-03-21 22:33:10,633 basehttp "GET /admin/jsi18n/ HTTP/1.1" 200 8959
[INFO] 2025-03-21 22:34:34,809 autoreload C:\Users\Jorge\gestao_ocorrencias\gestao_ocorrencias\settings.py changed, reloading.
[INFO] 2025-03-21 22:34:36,258 autoreload Watching for file changes with StatReloader
[INFO] 2025-03-21 22:35:20,154 autoreload C:\Users\Jorge\gestao_ocorrencias\gestao_ocorrencias\settings.py changed, reloading.
[INFO] 2025-03-21 22:35:21,538 autoreload Watching for file changes with StatReloader
[INFO] 2025-03-21 22:35:30,842 basehttp "GET /admin/auth/group/ HTTP/1.1" 200 16039
[INFO] 2025-03-21 22:35:30,876 basehttp "GET /static/vendor/adminlte/css/adminlte.min.css HTTP/1.1" 304 0
[INFO] 2025-03-21 22:35:30,880 basehttp "GET /static/jazzmin/css/main.css HTTP/1.1" 304 0
[INFO] 2025-03-21 22:35:30,884 basehttp "GET /static/css/admin_custom.css HTTP/1.1" 304 0
[INFO] 2025-03-21 22:35:30,885 basehttp "GET /static/vendor/select2/css/select2.min.css HTTP/1.1" 304 0
[INFO] 2025-03-21 22:35:30,984 basehttp "GET /static/vendor/fontawesome-free/css/all.min.css HTTP/1.1" 304 0
[INFO] 2025-03-21 22:35:32,166 basehttp "GET /static/admin/js/vendor/jquery/jquery.min.js HTTP/1.1" 304 0
[INFO] 2025-03-21 22:35:32,251 basehttp "GET /admin/jsi18n/ HTTP/1.1" 200 8959
[INFO] 2025-03-21 22:35:33,455 basehttp "GET /static/admin/js/jquery.init.js HTTP/1.1" 304 0
[INFO] 2025-03-21 22:35:34,741 basehttp "GET /static/admin/js/core.js HTTP/1.1" 304 0
[INFO] 2025-03-21 22:35:35,969 basehttp "GET /static/admin/js/admin/RelatedObjectLookups.js HTTP/1.1" 304 0
[INFO] 2025-03-21 22:35:37,152 basehttp "GET /static/admin/js/actions.js HTTP/1.1" 304 0
[INFO] 2025-03-21 22:35:38,482 basehttp "GET /static/admin/js/urlify.js HTTP/1.1" 304 0
[INFO] 2025-03-21 22:35:38,628 basehttp "GET /static/admin/js/prepopulate.js HTTP/1.1" 304 0
[INFO] 2025-03-21 22:35:39,961 basehttp "GET /static/admin/js/vendor/xregexp/xregexp.min.js HTTP/1.1" 304 0
[INFO] 2025-03-21 22:35:41,126 basehttp "GET /static/images/logo.png HTTP/1.1" 304 0
[INFO] 2025-03-21 22:35:42,289 basehttp "GET /static/admin/js/vendor/jquery/jquery.js HTTP/1.1" 304 0
[INFO] 2025-03-21 22:35:43,455 basehttp "GET /static/js/admin_custom.js HTTP/1.1" 304 0
[INFO] 2025-03-21 22:35:44,684 basehttp "GET /static/jazzmin/js/main.js HTTP/1.1" 304 0
[INFO] 2025-03-21 22:35:45,958 basehttp "GET /static/vendor/adminlte/js/adminlte.min.js HTTP/1.1" 304 0
[INFO] 2025-03-21 22:35:47,136 basehttp "GET /static/vendor/bootstrap/js/bootstrap.min.js HTTP/1.1" 304 0
[INFO] 2025-03-21 22:35:48,304 basehttp "GET /static/vendor/fontawesome-free/webfonts/fa-solid-900.woff2 HTTP/1.1" 304 0
[INFO] 2025-03-21 22:35:49,492 basehttp "GET /static/vendor/fontawesome-free/webfonts/fa-regular-400.woff2 HTTP/1.1" 304 0
[INFO] 2025-03-21 22:35:50,656 basehttp "GET /static/vendor/select2/js/select2.min.js HTTP/1.1" 304 0
[INFO] 2025-03-21 22:35:51,826 basehttp "GET /static/jazzmin/js/change_list.js HTTP/1.1" 304 0
[INFO] 2025-03-21 22:36:01,154 basehttp "GET /admin/controle_chaves/reciclagemvigilante/ HTTP/1.1" 200 22455
[INFO] 2025-03-21 22:36:02,746 basehttp "GET /admin/jsi18n/ HTTP/1.1" 200 8959
[INFO] 2025-03-21 22:36:19,681 basehttp "GET /admin/controle_chaves/movimentacaochave/ HTTP/1.1" 200 27230
[INFO] 2025-03-21 22:36:21,127 basehttp "GET /admin/jsi18n/ HTTP/1.1" 200 8959
[INFO] 2025-03-21 22:39:00,692 basehttp "GET /admin/controle_chaves/movimentacaochave/ HTTP/1.1" 200 27246
[INFO] 2025-03-21 22:39:00,729 basehttp "GET /static/css/admin_custom.css HTTP/1.1" 200 884
[INFO] 2025-03-21 22:39:00,730 basehttp "GET /static/jazzmin/css/main.css HTTP/1.1" 200 16969
[INFO] 2025-03-21 22:39:00,730 basehttp "GET /static/vendor/select2/css/select2.min.css HTTP/1.1" 200 16264
[INFO] 2025-03-21 22:39:00,751 basehttp "GET /static/vendor/adminlte/css/adminlte.min.css HTTP/1.1" 200 1382975
[INFO] 2025-03-21 22:39:00,863 basehttp "GET /static/vendor/fontawesome-free/css/all.min.css HTTP/1.1" 200 103009
[INFO] 2025-03-21 22:39:02,276 basehttp "GET /admin/jsi18n/ HTTP/1.1" 200 8959
[INFO] 2025-03-21 22:39:02,280 basehttp "GET /static/admin/js/vendor/jquery/jquery.min.js HTTP/1.1" 200 87533
[INFO] 2025-03-21 22:39:03,433 basehttp "GET /static/admin/js/jquery.init.js HTTP/1.1" 200 347
[INFO] 2025-03-21 22:39:04,644 basehttp "GET /static/admin/js/core.js HTTP/1.1" 200 6208
[INFO] 2025-03-21 22:39:05,872 basehttp "GET /static/admin/js/admin/RelatedObjectLookups.js HTTP/1.1" 200 9097
[INFO] 2025-03-21 22:39:07,045 basehttp "GET /static/admin/js/actions.js HTTP/1.1" 200 8076
[INFO] 2025-03-21 22:39:07,190 basehttp "GET /static/admin/js/urlify.js HTTP/1.1" 200 7887
[INFO] 2025-03-21 22:39:08,443 basehttp "GET /static/admin/js/prepopulate.js HTTP/1.1" 200 1531
[INFO] 2025-03-21 22:39:09,663 basehttp "GET /static/admin/js/vendor/xregexp/xregexp.min.js HTTP/1.1" 200 163184
[INFO] 2025-03-21 22:39:10,816 basehttp "GET /static/images/logo.png HTTP/1.1" 200 4306
[INFO] 2025-03-21 22:39:11,978 basehttp "GET /static/admin/js/vendor/jquery/jquery.js HTTP/1.1" 200 285314
[INFO] 2025-03-21 22:39:13,134 basehttp "GET /static/js/admin_custom.js HTTP/1.1" 200 629
[INFO] 2025-03-21 22:39:14,282 basehttp "GET /static/jazzmin/js/main.js HTTP/1.1" 200 2391
[INFO] 2025-03-21 22:39:15,466 basehttp "GET /static/vendor/adminlte/js/adminlte.min.js HTTP/1.1" 200 44244
[INFO] 2025-03-21 22:39:16,630 basehttp "GET /static/vendor/bootstrap/js/bootstrap.min.js HTTP/1.1" 200 62440
[INFO] 2025-03-21 22:39:17,802 basehttp "GET /static/vendor/fontawesome-free/webfonts/fa-solid-900.woff2 HTTP/1.1" 200 156400
[INFO] 2025-03-21 22:39:18,968 basehttp "GET /static/vendor/fontawesome-free/webfonts/fa-regular-400.woff2 HTTP/1.1" 200 25392
[INFO] 2025-03-21 22:39:20,147 basehttp "GET /static/vendor/select2/js/select2.min.js HTTP/1.1" 200 73170
[INFO] 2025-03-21 22:39:21,363 basehttp - Broken pipe from ('127.0.0.1', 64491)
[INFO] 2025-03-21 22:39:28,897 basehttp "GET /admin/ HTTP/1.1" 200 12408
[WARNING] 2025-03-21 22:39:29,046 log Not Found: /static/images/favicon.ico
[WARNING] 2025-03-21 22:39:30,310 basehttp "GET /static/images/favicon.ico HTTP/1.1" 404 179
[INFO] 2025-03-21 22:39:51,681 autoreload C:\Users\Jorge\gestao_ocorrencias\gestao_ocorrencias\settings.py changed, reloading.
INFO 2025-03-21 22:39:53,061 autoreload Watching for file changes with StatReloader
INFO 2025-03-21 22:39:58,326 basehttp "GET /admin/ HTTP/1.1" 200 12408
INFO 2025-03-21 22:40:09,550 basehttp "GET /admin/ HTTP/1.1" 200 12408
INFO 2025-03-21 22:40:09,588 basehttp "GET /static/vendor/fontawesome-free/css/all.min.css HTTP/1.1" 304 0
INFO 2025-03-21 22:40:09,592 basehttp "GET /static/vendor/adminlte/css/adminlte.min.css HTTP/1.1" 304 0
INFO 2025-03-21 22:40:09,592 basehttp "GET /static/jazzmin/css/main.css HTTP/1.1" 304 0
INFO 2025-03-21 22:40:09,595 basehttp "GET /static/css/admin_custom.css HTTP/1.1" 304 0
INFO 2025-03-21 22:40:15,221 basehttp "GET /admin/ HTTP/1.1" 200 12408
INFO 2025-03-21 22:40:15,255 basehttp "GET /static/vendor/fontawesome-free/css/all.min.css HTTP/1.1" 200 103009
INFO 2025-03-21 22:40:15,258 basehttp "GET /static/jazzmin/css/main.css HTTP/1.1" 200 16969
INFO 2025-03-21 22:40:15,261 basehttp "GET /static/css/admin_custom.css HTTP/1.1" 200 884
INFO 2025-03-21 22:40:15,261 basehttp "GET /static/images/logo.png HTTP/1.1" 200 4306
INFO 2025-03-21 22:40:15,268 basehttp "GET /static/vendor/bootstrap/js/bootstrap.min.js HTTP/1.1" 200 62440
INFO 2025-03-21 22:40:15,272 basehttp "GET /static/vendor/adminlte/js/adminlte.min.js HTTP/1.1" 200 44244
INFO 2025-03-21 22:40:15,272 basehttp "GET /static/js/admin_custom.js HTTP/1.1" 200 629
INFO 2025-03-21 22:40:15,273 basehttp "GET /static/jazzmin/js/main.js HTTP/1.1" 200 2391
INFO 2025-03-21 22:40:15,285 basehttp "GET /static/admin/js/vendor/jquery/jquery.js HTTP/1.1" 200 285314
INFO 2025-03-21 22:40:15,293 basehttp "GET /static/vendor/adminlte/css/adminlte.min.css HTTP/1.1" 200 1382975
INFO 2025-03-21 22:40:15,366 basehttp "GET /static/vendor/fontawesome-free/webfonts/fa-regular-400.woff2 HTTP/1.1" 200 25392
INFO 2025-03-21 22:40:15,369 basehttp "GET /static/vendor/fontawesome-free/webfonts/fa-solid-900.woff2 HTTP/1.1" 200 156400
WARNING 2025-03-21 22:40:15,431 log Not Found: /static/images/favicon.ico
WARNING 2025-03-21 22:40:15,435 basehttp "GET /static/images/favicon.ico HTTP/1.1" 404 179
INFO 2025-03-21 22:42:03,384 autoreload C:\Users\Jorge\gestao_ocorrencias\gestao_ocorrencias\settings.py changed, reloading.
[INFO] 2025-03-21 22:42:04,591 autoreload Watching for file changes with StatReloader
[INFO] 2025-03-21 22:42:34,260 basehttp "GET /admin/ HTTP/1.1" 200 12392
[INFO] 2025-03-21 22:42:34,308 basehttp "GET /static/vendor/adminlte/css/adminlte.min.css HTTP/1.1" 304 0
[INFO] 2025-03-21 22:42:34,313 basehttp "GET /static/jazzmin/css/main.css HTTP/1.1" 304 0
[INFO] 2025-03-21 22:42:34,313 basehttp "GET /static/images/logo.png HTTP/1.1" 304 0
[INFO] 2025-03-21 22:42:34,313 basehttp "GET /static/admin/js/vendor/jquery/jquery.js HTTP/1.1" 304 0
[INFO] 2025-03-21 22:42:34,313 basehttp "GET /static/css/admin_custom.css HTTP/1.1" 304 0
[INFO] 2025-03-21 22:42:34,410 basehttp "GET /static/vendor/fontawesome-free/css/all.min.css HTTP/1.1" 304 0
[INFO] 2025-03-21 22:42:35,584 basehttp "GET /static/vendor/fontawesome-free/webfonts/fa-regular-400.woff2 HTTP/1.1" 304 0
[INFO] 2025-03-21 22:42:36,538 basehttp - Broken pipe from ('127.0.0.1', 49461)
[INFO] 2025-03-21 22:42:36,807 basehttp "GET /static/js/admin_custom.js HTTP/1.1" 304 0
[INFO] 2025-03-21 22:42:37,982 basehttp "GET /static/jazzmin/js/main.js HTTP/1.1" 304 0
[INFO] 2025-03-21 22:42:39,161 basehttp "GET /static/vendor/bootstrap/js/bootstrap.min.js HTTP/1.1" 304 0
[INFO] 2025-03-21 22:42:40,354 basehttp "GET /static/vendor/adminlte/js/adminlte.min.js HTTP/1.1" 304 0
[INFO] 2025-03-21 22:42:41,525 basehttp "GET /static/vendor/fontawesome-free/webfonts/fa-solid-900.woff2 HTTP/1.1" 304 0
[INFO] 2025-03-21 22:42:51,973 basehttp "GET /accounts/logout/ HTTP/1.1" 302 0
[INFO] 2025-03-21 22:42:53,728 basehttp "GET /accounts/login/ HTTP/1.1" 200 1992
[INFO] 2025-03-21 22:42:53,763 basehttp "GET /static/img/logoad2.png HTTP/1.1" 304 0
[INFO] 2025-03-21 22:42:53,763 basehttp "GET /static/img/logo6.png HTTP/1.1" 304 0
[INFO] 2025-03-21 22:42:53,878 basehttp "GET /static/css/style.css HTTP/1.1" 304 0
[WARNING] 2025-03-21 22:42:57,441 log Not Found: /favicon.ico
[WARNING] 2025-03-21 22:42:58,611 basehttp "GET /favicon.ico HTTP/1.1" 404 179
[INFO] 2025-03-21 22:43:02,686 basehttp "GET /admin/ HTTP/1.1" 302 0
[INFO] 2025-03-21 22:43:04,009 basehttp "GET /admin/login/?next=/admin/ HTTP/1.1" 200 3188
[INFO] 2025-03-22 00:03:54,438 autoreload Watching for file changes with StatReloader
[INFO] 2025-03-22 00:07:48,672 basehttp "GET / HTTP/1.1" 302 0
[INFO] 2025-03-22 00:07:50,088 basehttp "GET /accounts/login/?next=/ HTTP/1.1" 200 1871
[INFO] 2025-03-22 00:07:50,139 basehttp "GET /static/img/logoad2.png HTTP/1.1" 304 0
[INFO] 2025-03-22 00:07:50,139 basehttp "GET /static/img/logo6.png HTTP/1.1" 304 0
[INFO] 2025-03-22 00:07:50,248 basehttp "GET /static/css/style.css HTTP/1.1" 304 0
[INFO] 2025-03-22 00:07:58,885 basehttp "POST /accounts/login/?next=/ HTTP/1.1" 302 0
[ERROR] 2025-03-22 00:08:00,391 log Internal Server Error: /
Traceback (most recent call last):
  File "C:\Users\Jorge\gestao_ocorrencias\venv\Lib\site-packages\django\core\handlers\exception.py", line 55, in inner
    response = get_response(request)
               ^^^^^^^^^^^^^^^^^^^^^
  File "C:\Users\Jorge\gestao_ocorrencias\venv\Lib\site-packages\django\core\handlers\base.py", line 197, in _get_response
    response = wrapped_callback(request, *callback_args, **callback_kwargs)
               ^^^^^^^^^^^^^^^^^^^^^^^^^^^^^^^^^^^^^^^^^^^^^^^^^^^^^^^^^^^^
  File "C:\Users\Jorge\gestao_ocorrencias\venv\Lib\site-packages\django\contrib\auth\decorators.py", line 60, in _view_wrapper
    return view_func(request, *args, **kwargs)
           ^^^^^^^^^^^^^^^^^^^^^^^^^^^^^^^^^^^
  File "C:\Users\Jorge\gestao_ocorrencias\ocorrencias\views.py", line 170, in listar_ocorrencias
    return render(request, 'ocorrencias/listar_ocorrencias.html', {
           ^^^^^^^^^^^^^^^^^^^^^^^^^^^^^^^^^^^^^^^^^^^^^^^^^^^^^^^^
  File "C:\Users\Jorge\gestao_ocorrencias\venv\Lib\site-packages\django\shortcuts.py", line 25, in render
    content = loader.render_to_string(template_name, context, request, using=using)
              ^^^^^^^^^^^^^^^^^^^^^^^^^^^^^^^^^^^^^^^^^^^^^^^^^^^^^^^^^^^^^^^^^^^^^
  File "C:\Users\Jorge\gestao_ocorrencias\venv\Lib\site-packages\django\template\loader.py", line 62, in render_to_string
    return template.render(context, request)
           ^^^^^^^^^^^^^^^^^^^^^^^^^^^^^^^^^
  File "C:\Users\Jorge\gestao_ocorrencias\venv\Lib\site-packages\django\template\backends\django.py", line 107, in render
    return self.template.render(context)
           ^^^^^^^^^^^^^^^^^^^^^^^^^^^^^
  File "C:\Users\Jorge\gestao_ocorrencias\venv\Lib\site-packages\django\template\base.py", line 171, in render
    return self._render(context)
           ^^^^^^^^^^^^^^^^^^^^^
  File "C:\Users\Jorge\gestao_ocorrencias\venv\Lib\site-packages\django\template\base.py", line 163, in _render
    return self.nodelist.render(context)
           ^^^^^^^^^^^^^^^^^^^^^^^^^^^^^
  File "C:\Users\Jorge\gestao_ocorrencias\venv\Lib\site-packages\django\template\base.py", line 1008, in render
    return SafeString("".join([node.render_annotated(context) for node in self]))
                               ^^^^^^^^^^^^^^^^^^^^^^^^^^^^^^
  File "C:\Users\Jorge\gestao_ocorrencias\venv\Lib\site-packages\django\template\base.py", line 969, in render_annotated
    return self.render(context)
           ^^^^^^^^^^^^^^^^^^^^
  File "C:\Users\Jorge\gestao_ocorrencias\venv\Lib\site-packages\django\template\loader_tags.py", line 159, in render
    return compiled_parent._render(context)
           ^^^^^^^^^^^^^^^^^^^^^^^^^^^^^^^^
  File "C:\Users\Jorge\gestao_ocorrencias\venv\Lib\site-packages\django\template\base.py", line 163, in _render
    return self.nodelist.render(context)
           ^^^^^^^^^^^^^^^^^^^^^^^^^^^^^
  File "C:\Users\Jorge\gestao_ocorrencias\venv\Lib\site-packages\django\template\base.py", line 1008, in render
    return SafeString("".join([node.render_annotated(context) for node in self]))
                               ^^^^^^^^^^^^^^^^^^^^^^^^^^^^^^
  File "C:\Users\Jorge\gestao_ocorrencias\venv\Lib\site-packages\django\template\base.py", line 969, in render_annotated
    return self.render(context)
           ^^^^^^^^^^^^^^^^^^^^
  File "C:\Users\Jorge\gestao_ocorrencias\venv\Lib\site-packages\django\template\defaulttags.py", line 327, in render
    return nodelist.render(context)
           ^^^^^^^^^^^^^^^^^^^^^^^^
  File "C:\Users\Jorge\gestao_ocorrencias\venv\Lib\site-packages\django\template\base.py", line 1008, in render
    return SafeString("".join([node.render_annotated(context) for node in self]))
                               ^^^^^^^^^^^^^^^^^^^^^^^^^^^^^^
  File "C:\Users\Jorge\gestao_ocorrencias\venv\Lib\site-packages\django\template\base.py", line 969, in render_annotated
    return self.render(context)
           ^^^^^^^^^^^^^^^^^^^^
  File "C:\Users\Jorge\gestao_ocorrencias\venv\Lib\site-packages\django\template\defaulttags.py", line 480, in render
    url = reverse(view_name, args=args, kwargs=kwargs, current_app=current_app)
          ^^^^^^^^^^^^^^^^^^^^^^^^^^^^^^^^^^^^^^^^^^^^^^^^^^^^^^^^^^^^^^^^^^^^^
  File "C:\Users\Jorge\gestao_ocorrencias\venv\Lib\site-packages\django\urls\base.py", line 88, in reverse
    return resolver._reverse_with_prefix(view, prefix, *args, **kwargs)
           ^^^^^^^^^^^^^^^^^^^^^^^^^^^^^^^^^^^^^^^^^^^^^^^^^^^^^^^^^^^^
  File "C:\Users\Jorge\gestao_ocorrencias\venv\Lib\site-packages\django\urls\resolvers.py", line 831, in _reverse_with_prefix
    raise NoReverseMatch(msg)
django.urls.exceptions.NoReverseMatch: Reverse for 'listar_planos' not found. 'listar_planos' is not a valid view function or pattern name.
[ERROR] 2025-03-22 00:08:00,581 basehttp "GET / HTTP/1.1" 500 145
[INFO] 2025-03-22 00:12:35,749 autoreload C:\Users\Jorge\gestao_ocorrencias\gestao_ocorrencias\urls.py changed, reloading.
[INFO] 2025-03-22 00:12:37,102 autoreload Watching for file changes with StatReloader
[INFO] 2025-03-22 00:15:39,990 autoreload C:\Users\Jorge\gestao_ocorrencias\gestao_ocorrencias\settings.py changed, reloading.
[INFO] 2025-03-22 00:15:40,772 autoreload Watching for file changes with StatReloader
[INFO] 2025-03-22 00:35:38,963 autoreload Watching for file changes with StatReloader
[INFO] 2025-03-22 00:36:00,795 basehttp - Broken pipe from ('127.0.0.1', 57620)
[INFO] 2025-03-22 00:36:13,995 basehttp "GET / HTTP/1.1" 200 39661
[ERROR] 2025-03-22 00:36:33,531 log Internal Server Error: /planos/
Traceback (most recent call last):
  File "C:\Users\Jorge\gestao_ocorrencias\venv\Lib\site-packages\django\core\handlers\exception.py", line 55, in inner
    response = get_response(request)
               ^^^^^^^^^^^^^^^^^^^^^
  File "C:\Users\Jorge\gestao_ocorrencias\venv\Lib\site-packages\django\core\handlers\base.py", line 197, in _get_response
    response = wrapped_callback(request, *callback_args, **callback_kwargs)
               ^^^^^^^^^^^^^^^^^^^^^^^^^^^^^^^^^^^^^^^^^^^^^^^^^^^^^^^^^^^^
  File "C:\Users\Jorge\gestao_ocorrencias\venv\Lib\site-packages\django\contrib\auth\decorators.py", line 60, in _view_wrapper
    return view_func(request, *args, **kwargs)
           ^^^^^^^^^^^^^^^^^^^^^^^^^^^^^^^^^^^
  File "C:\Users\Jorge\gestao_ocorrencias\planos_acao\views.py", line 29, in listar_planos
    return render(request, "planos_acao/listar_planos.html", {"planos": planos})
           ^^^^^^^^^^^^^^^^^^^^^^^^^^^^^^^^^^^^^^^^^^^^^^^^^^^^^^^^^^^^^^^^^^^^^
  File "C:\Users\Jorge\gestao_ocorrencias\venv\Lib\site-packages\django\shortcuts.py", line 25, in render
    content = loader.render_to_string(template_name, context, request, using=using)
              ^^^^^^^^^^^^^^^^^^^^^^^^^^^^^^^^^^^^^^^^^^^^^^^^^^^^^^^^^^^^^^^^^^^^^
  File "C:\Users\Jorge\gestao_ocorrencias\venv\Lib\site-packages\django\template\loader.py", line 61, in render_to_string
    template = get_template(template_name, using=using)
               ^^^^^^^^^^^^^^^^^^^^^^^^^^^^^^^^^^^^^^^^
  File "C:\Users\Jorge\gestao_ocorrencias\venv\Lib\site-packages\django\template\loader.py", line 19, in get_template
    raise TemplateDoesNotExist(template_name, chain=chain)
django.template.exceptions.TemplateDoesNotExist: planos_acao/listar_planos.html
[ERROR] 2025-03-22 00:36:33,678 basehttp "GET /planos/ HTTP/1.1" 500 145
[ERROR] 2025-03-22 00:37:04,940 log Internal Server Error: /planos/
Traceback (most recent call last):
  File "C:\Users\Jorge\gestao_ocorrencias\venv\Lib\site-packages\django\core\handlers\exception.py", line 55, in inner
    response = get_response(request)
               ^^^^^^^^^^^^^^^^^^^^^
  File "C:\Users\Jorge\gestao_ocorrencias\venv\Lib\site-packages\django\core\handlers\base.py", line 197, in _get_response
    response = wrapped_callback(request, *callback_args, **callback_kwargs)
               ^^^^^^^^^^^^^^^^^^^^^^^^^^^^^^^^^^^^^^^^^^^^^^^^^^^^^^^^^^^^
  File "C:\Users\Jorge\gestao_ocorrencias\venv\Lib\site-packages\django\contrib\auth\decorators.py", line 60, in _view_wrapper
    return view_func(request, *args, **kwargs)
           ^^^^^^^^^^^^^^^^^^^^^^^^^^^^^^^^^^^
  File "C:\Users\Jorge\gestao_ocorrencias\planos_acao\views.py", line 29, in listar_planos
    return render(request, "planos_acao/listar_planos.html", {"planos": planos})
           ^^^^^^^^^^^^^^^^^^^^^^^^^^^^^^^^^^^^^^^^^^^^^^^^^^^^^^^^^^^^^^^^^^^^^
  File "C:\Users\Jorge\gestao_ocorrencias\venv\Lib\site-packages\django\shortcuts.py", line 25, in render
    content = loader.render_to_string(template_name, context, request, using=using)
              ^^^^^^^^^^^^^^^^^^^^^^^^^^^^^^^^^^^^^^^^^^^^^^^^^^^^^^^^^^^^^^^^^^^^^
  File "C:\Users\Jorge\gestao_ocorrencias\venv\Lib\site-packages\django\template\loader.py", line 61, in render_to_string
    template = get_template(template_name, using=using)
               ^^^^^^^^^^^^^^^^^^^^^^^^^^^^^^^^^^^^^^^^
  File "C:\Users\Jorge\gestao_ocorrencias\venv\Lib\site-packages\django\template\loader.py", line 19, in get_template
    raise TemplateDoesNotExist(template_name, chain=chain)
django.template.exceptions.TemplateDoesNotExist: planos_acao/listar_planos.html
[ERROR] 2025-03-22 00:37:05,086 basehttp "GET /planos/ HTTP/1.1" 500 145
[WARNING] 2025-03-22 00:37:30,979 log Not Found: /planos/listar_planos
[WARNING] 2025-03-22 00:37:32,178 basehttp "GET /planos/listar_planos HTTP/1.1" 404 179
[INFO] 2025-03-22 00:37:50,899 autoreload C:\Users\Jorge\gestao_ocorrencias\ocorrencias\urls.py changed, reloading.
[INFO] 2025-03-22 00:37:52,760 autoreload Watching for file changes with StatReloader
[ERROR] 2025-03-22 00:38:01,450 log Internal Server Error: /planos/
Traceback (most recent call last):
  File "C:\Users\Jorge\gestao_ocorrencias\venv\Lib\site-packages\django\core\handlers\exception.py", line 55, in inner
    response = get_response(request)
               ^^^^^^^^^^^^^^^^^^^^^
  File "C:\Users\Jorge\gestao_ocorrencias\venv\Lib\site-packages\django\core\handlers\base.py", line 197, in _get_response
    response = wrapped_callback(request, *callback_args, **callback_kwargs)
               ^^^^^^^^^^^^^^^^^^^^^^^^^^^^^^^^^^^^^^^^^^^^^^^^^^^^^^^^^^^^
  File "C:\Users\Jorge\gestao_ocorrencias\venv\Lib\site-packages\django\contrib\auth\decorators.py", line 60, in _view_wrapper
    return view_func(request, *args, **kwargs)
           ^^^^^^^^^^^^^^^^^^^^^^^^^^^^^^^^^^^
  File "C:\Users\Jorge\gestao_ocorrencias\planos_acao\views.py", line 29, in listar_planos
    return render(request, "planos_acao/listar_planos.html", {"planos": planos})
           ^^^^^^^^^^^^^^^^^^^^^^^^^^^^^^^^^^^^^^^^^^^^^^^^^^^^^^^^^^^^^^^^^^^^^
  File "C:\Users\Jorge\gestao_ocorrencias\venv\Lib\site-packages\django\shortcuts.py", line 25, in render
    content = loader.render_to_string(template_name, context, request, using=using)
              ^^^^^^^^^^^^^^^^^^^^^^^^^^^^^^^^^^^^^^^^^^^^^^^^^^^^^^^^^^^^^^^^^^^^^
  File "C:\Users\Jorge\gestao_ocorrencias\venv\Lib\site-packages\django\template\loader.py", line 61, in render_to_string
    template = get_template(template_name, using=using)
               ^^^^^^^^^^^^^^^^^^^^^^^^^^^^^^^^^^^^^^^^
  File "C:\Users\Jorge\gestao_ocorrencias\venv\Lib\site-packages\django\template\loader.py", line 19, in get_template
    raise TemplateDoesNotExist(template_name, chain=chain)
django.template.exceptions.TemplateDoesNotExist: planos_acao/listar_planos.html
[ERROR] 2025-03-22 00:38:01,605 basehttp "GET /planos/ HTTP/1.1" 500 145
[INFO] 2025-03-22 00:44:40,670 autoreload Watching for file changes with StatReloader
[INFO] 2025-03-22 00:44:51,172 basehttp "GET /dashboard/ HTTP/1.1" 200 18216
[ERROR] 2025-03-22 00:44:57,786 log Internal Server Error: /planos/
Traceback (most recent call last):
  File "C:\Users\Jorge\gestao_ocorrencias\venv\Lib\site-packages\django\core\handlers\exception.py", line 55, in inner
    response = get_response(request)
               ^^^^^^^^^^^^^^^^^^^^^
  File "C:\Users\Jorge\gestao_ocorrencias\venv\Lib\site-packages\django\core\handlers\base.py", line 197, in _get_response
    response = wrapped_callback(request, *callback_args, **callback_kwargs)
               ^^^^^^^^^^^^^^^^^^^^^^^^^^^^^^^^^^^^^^^^^^^^^^^^^^^^^^^^^^^^
  File "C:\Users\Jorge\gestao_ocorrencias\venv\Lib\site-packages\django\contrib\auth\decorators.py", line 60, in _view_wrapper
    return view_func(request, *args, **kwargs)
           ^^^^^^^^^^^^^^^^^^^^^^^^^^^^^^^^^^^
  File "C:\Users\Jorge\gestao_ocorrencias\planos_acao\views.py", line 29, in listar_planos
    return render(request, "planos_acao/listar_planos.html", {"planos": planos})
           ^^^^^^^^^^^^^^^^^^^^^^^^^^^^^^^^^^^^^^^^^^^^^^^^^^^^^^^^^^^^^^^^^^^^^
  File "C:\Users\Jorge\gestao_ocorrencias\venv\Lib\site-packages\django\shortcuts.py", line 25, in render
    content = loader.render_to_string(template_name, context, request, using=using)
              ^^^^^^^^^^^^^^^^^^^^^^^^^^^^^^^^^^^^^^^^^^^^^^^^^^^^^^^^^^^^^^^^^^^^^
  File "C:\Users\Jorge\gestao_ocorrencias\venv\Lib\site-packages\django\template\loader.py", line 61, in render_to_string
    template = get_template(template_name, using=using)
               ^^^^^^^^^^^^^^^^^^^^^^^^^^^^^^^^^^^^^^^^
  File "C:\Users\Jorge\gestao_ocorrencias\venv\Lib\site-packages\django\template\loader.py", line 19, in get_template
    raise TemplateDoesNotExist(template_name, chain=chain)
django.template.exceptions.TemplateDoesNotExist: planos_acao/listar_planos.html
[ERROR] 2025-03-22 00:44:57,940 basehttp "GET /planos/ HTTP/1.1" 500 145
[ERROR] 2025-03-22 00:46:59,178 log Internal Server Error: /planos/
Traceback (most recent call last):
  File "C:\Users\Jorge\gestao_ocorrencias\venv\Lib\site-packages\django\core\handlers\exception.py", line 55, in inner
    response = get_response(request)
               ^^^^^^^^^^^^^^^^^^^^^
  File "C:\Users\Jorge\gestao_ocorrencias\venv\Lib\site-packages\django\core\handlers\base.py", line 197, in _get_response
    response = wrapped_callback(request, *callback_args, **callback_kwargs)
               ^^^^^^^^^^^^^^^^^^^^^^^^^^^^^^^^^^^^^^^^^^^^^^^^^^^^^^^^^^^^
  File "C:\Users\Jorge\gestao_ocorrencias\venv\Lib\site-packages\django\contrib\auth\decorators.py", line 60, in _view_wrapper
    return view_func(request, *args, **kwargs)
           ^^^^^^^^^^^^^^^^^^^^^^^^^^^^^^^^^^^
  File "C:\Users\Jorge\gestao_ocorrencias\planos_acao\views.py", line 29, in listar_planos
    return render(request, "planos_acao/listar_planos.html", {"planos": planos})
           ^^^^^^^^^^^^^^^^^^^^^^^^^^^^^^^^^^^^^^^^^^^^^^^^^^^^^^^^^^^^^^^^^^^^^
  File "C:\Users\Jorge\gestao_ocorrencias\venv\Lib\site-packages\django\shortcuts.py", line 25, in render
    content = loader.render_to_string(template_name, context, request, using=using)
              ^^^^^^^^^^^^^^^^^^^^^^^^^^^^^^^^^^^^^^^^^^^^^^^^^^^^^^^^^^^^^^^^^^^^^
  File "C:\Users\Jorge\gestao_ocorrencias\venv\Lib\site-packages\django\template\loader.py", line 61, in render_to_string
    template = get_template(template_name, using=using)
               ^^^^^^^^^^^^^^^^^^^^^^^^^^^^^^^^^^^^^^^^
  File "C:\Users\Jorge\gestao_ocorrencias\venv\Lib\site-packages\django\template\loader.py", line 15, in get_template
    return engine.get_template(template_name)
           ^^^^^^^^^^^^^^^^^^^^^^^^^^^^^^^^^^
  File "C:\Users\Jorge\gestao_ocorrencias\venv\Lib\site-packages\django\template\backends\django.py", line 79, in get_template
    return Template(self.engine.get_template(template_name), self)
                    ^^^^^^^^^^^^^^^^^^^^^^^^^^^^^^^^^^^^^^^
  File "C:\Users\Jorge\gestao_ocorrencias\venv\Lib\site-packages\django\template\engine.py", line 177, in get_template
    template, origin = self.find_template(template_name)
                       ^^^^^^^^^^^^^^^^^^^^^^^^^^^^^^^^^
  File "C:\Users\Jorge\gestao_ocorrencias\venv\Lib\site-packages\django\template\engine.py", line 159, in find_template
    template = loader.get_template(name, skip=skip)
               ^^^^^^^^^^^^^^^^^^^^^^^^^^^^^^^^^^^^
  File "C:\Users\Jorge\gestao_ocorrencias\venv\Lib\site-packages\django\template\loaders\cached.py", line 57, in get_template
    template = super().get_template(template_name, skip)
               ^^^^^^^^^^^^^^^^^^^^^^^^^^^^^^^^^^^^^^^^^
  File "C:\Users\Jorge\gestao_ocorrencias\venv\Lib\site-packages\django\template\loaders\base.py", line 28, in get_template
    return Template(
           ^^^^^^^^^
  File "C:\Users\Jorge\gestao_ocorrencias\venv\Lib\site-packages\django\template\base.py", line 154, in __init__
    self.nodelist = self.compile_nodelist()
                    ^^^^^^^^^^^^^^^^^^^^^^^
  File "C:\Users\Jorge\gestao_ocorrencias\venv\Lib\site-packages\django\template\base.py", line 196, in compile_nodelist
    nodelist = parser.parse()
               ^^^^^^^^^^^^^^
  File "C:\Users\Jorge\gestao_ocorrencias\venv\Lib\site-packages\django\template\base.py", line 518, in parse
    raise self.error(token, e)
  File "C:\Users\Jorge\gestao_ocorrencias\venv\Lib\site-packages\django\template\base.py", line 516, in parse
    compiled_result = compile_func(self, token)
                      ^^^^^^^^^^^^^^^^^^^^^^^^^
  File "C:\Users\Jorge\gestao_ocorrencias\venv\Lib\site-packages\django\template\loader_tags.py", line 295, in do_extends
    nodelist = parser.parse()
               ^^^^^^^^^^^^^^
  File "C:\Users\Jorge\gestao_ocorrencias\venv\Lib\site-packages\django\template\base.py", line 518, in parse
    raise self.error(token, e)
  File "C:\Users\Jorge\gestao_ocorrencias\venv\Lib\site-packages\django\template\base.py", line 516, in parse
    compiled_result = compile_func(self, token)
                      ^^^^^^^^^^^^^^^^^^^^^^^^^
  File "C:\Users\Jorge\gestao_ocorrencias\venv\Lib\site-packages\django\template\loader_tags.py", line 234, in do_block
    nodelist = parser.parse(("endblock",))
               ^^^^^^^^^^^^^^^^^^^^^^^^^^^
  File "C:\Users\Jorge\gestao_ocorrencias\venv\Lib\site-packages\django\template\base.py", line 518, in parse
    raise self.error(token, e)
  File "C:\Users\Jorge\gestao_ocorrencias\venv\Lib\site-packages\django\template\base.py", line 516, in parse
    compiled_result = compile_func(self, token)
                      ^^^^^^^^^^^^^^^^^^^^^^^^^
  File "C:\Users\Jorge\gestao_ocorrencias\venv\Lib\site-packages\django\template\defaulttags.py", line 848, in do_for
    raise TemplateSyntaxError(
django.template.exceptions.TemplateSyntaxError: 'for' statements should use the format 'for x in y': for s in ['Pendente', 'Em andamento', 'Concludo']
[ERROR] 2025-03-22 00:46:59,371 basehttp "GET /planos/ HTTP/1.1" 500 145
[INFO] 2025-03-22 00:47:11,572 autoreload C:\Users\Jorge\gestao_ocorrencias\gestao_ocorrencias\urls.py changed, reloading.
[INFO] 2025-03-22 00:47:12,926 autoreload Watching for file changes with StatReloader
[ERROR] 2025-03-22 00:47:36,876 log Internal Server Error: /planos/
Traceback (most recent call last):
  File "C:\Users\Jorge\gestao_ocorrencias\venv\Lib\site-packages\django\core\handlers\exception.py", line 55, in inner
    response = get_response(request)
               ^^^^^^^^^^^^^^^^^^^^^
  File "C:\Users\Jorge\gestao_ocorrencias\venv\Lib\site-packages\django\core\handlers\base.py", line 197, in _get_response
    response = wrapped_callback(request, *callback_args, **callback_kwargs)
               ^^^^^^^^^^^^^^^^^^^^^^^^^^^^^^^^^^^^^^^^^^^^^^^^^^^^^^^^^^^^
  File "C:\Users\Jorge\gestao_ocorrencias\venv\Lib\site-packages\django\contrib\auth\decorators.py", line 60, in _view_wrapper
    return view_func(request, *args, **kwargs)
           ^^^^^^^^^^^^^^^^^^^^^^^^^^^^^^^^^^^
  File "C:\Users\Jorge\gestao_ocorrencias\planos_acao\views.py", line 29, in listar_planos
    return render(request, "planos_acao/listar_planos.html", {"planos": planos})
           ^^^^^^^^^^^^^^^^^^^^^^^^^^^^^^^^^^^^^^^^^^^^^^^^^^^^^^^^^^^^^^^^^^^^^
  File "C:\Users\Jorge\gestao_ocorrencias\venv\Lib\site-packages\django\shortcuts.py", line 25, in render
    content = loader.render_to_string(template_name, context, request, using=using)
              ^^^^^^^^^^^^^^^^^^^^^^^^^^^^^^^^^^^^^^^^^^^^^^^^^^^^^^^^^^^^^^^^^^^^^
  File "C:\Users\Jorge\gestao_ocorrencias\venv\Lib\site-packages\django\template\loader.py", line 61, in render_to_string
    template = get_template(template_name, using=using)
               ^^^^^^^^^^^^^^^^^^^^^^^^^^^^^^^^^^^^^^^^
  File "C:\Users\Jorge\gestao_ocorrencias\venv\Lib\site-packages\django\template\loader.py", line 15, in get_template
    return engine.get_template(template_name)
           ^^^^^^^^^^^^^^^^^^^^^^^^^^^^^^^^^^
  File "C:\Users\Jorge\gestao_ocorrencias\venv\Lib\site-packages\django\template\backends\django.py", line 79, in get_template
    return Template(self.engine.get_template(template_name), self)
                    ^^^^^^^^^^^^^^^^^^^^^^^^^^^^^^^^^^^^^^^
  File "C:\Users\Jorge\gestao_ocorrencias\venv\Lib\site-packages\django\template\engine.py", line 177, in get_template
    template, origin = self.find_template(template_name)
                       ^^^^^^^^^^^^^^^^^^^^^^^^^^^^^^^^^
  File "C:\Users\Jorge\gestao_ocorrencias\venv\Lib\site-packages\django\template\engine.py", line 159, in find_template
    template = loader.get_template(name, skip=skip)
               ^^^^^^^^^^^^^^^^^^^^^^^^^^^^^^^^^^^^
  File "C:\Users\Jorge\gestao_ocorrencias\venv\Lib\site-packages\django\template\loaders\cached.py", line 57, in get_template
    template = super().get_template(template_name, skip)
               ^^^^^^^^^^^^^^^^^^^^^^^^^^^^^^^^^^^^^^^^^
  File "C:\Users\Jorge\gestao_ocorrencias\venv\Lib\site-packages\django\template\loaders\base.py", line 28, in get_template
    return Template(
           ^^^^^^^^^
  File "C:\Users\Jorge\gestao_ocorrencias\venv\Lib\site-packages\django\template\base.py", line 154, in __init__
    self.nodelist = self.compile_nodelist()
                    ^^^^^^^^^^^^^^^^^^^^^^^
  File "C:\Users\Jorge\gestao_ocorrencias\venv\Lib\site-packages\django\template\base.py", line 196, in compile_nodelist
    nodelist = parser.parse()
               ^^^^^^^^^^^^^^
  File "C:\Users\Jorge\gestao_ocorrencias\venv\Lib\site-packages\django\template\base.py", line 518, in parse
    raise self.error(token, e)
  File "C:\Users\Jorge\gestao_ocorrencias\venv\Lib\site-packages\django\template\base.py", line 516, in parse
    compiled_result = compile_func(self, token)
                      ^^^^^^^^^^^^^^^^^^^^^^^^^
  File "C:\Users\Jorge\gestao_ocorrencias\venv\Lib\site-packages\django\template\loader_tags.py", line 295, in do_extends
    nodelist = parser.parse()
               ^^^^^^^^^^^^^^
  File "C:\Users\Jorge\gestao_ocorrencias\venv\Lib\site-packages\django\template\base.py", line 518, in parse
    raise self.error(token, e)
  File "C:\Users\Jorge\gestao_ocorrencias\venv\Lib\site-packages\django\template\base.py", line 516, in parse
    compiled_result = compile_func(self, token)
                      ^^^^^^^^^^^^^^^^^^^^^^^^^
  File "C:\Users\Jorge\gestao_ocorrencias\venv\Lib\site-packages\django\template\loader_tags.py", line 234, in do_block
    nodelist = parser.parse(("endblock",))
               ^^^^^^^^^^^^^^^^^^^^^^^^^^^
  File "C:\Users\Jorge\gestao_ocorrencias\venv\Lib\site-packages\django\template\base.py", line 518, in parse
    raise self.error(token, e)
  File "C:\Users\Jorge\gestao_ocorrencias\venv\Lib\site-packages\django\template\base.py", line 516, in parse
    compiled_result = compile_func(self, token)
                      ^^^^^^^^^^^^^^^^^^^^^^^^^
  File "C:\Users\Jorge\gestao_ocorrencias\venv\Lib\site-packages\django\template\defaulttags.py", line 848, in do_for
    raise TemplateSyntaxError(
django.template.exceptions.TemplateSyntaxError: 'for' statements should use the format 'for x in y': for s in ['Pendente', 'Em andamento', 'Concludo']
[ERROR] 2025-03-22 00:47:37,033 basehttp "GET /planos/ HTTP/1.1" 500 145
[INFO] 2025-03-22 00:50:22,618 autoreload C:\Users\Jorge\gestao_ocorrencias\planos_acao\views.py changed, reloading.
[INFO] 2025-03-22 00:50:24,133 autoreload Watching for file changes with StatReloader
[INFO] 2025-03-22 00:51:01,813 basehttp "GET /planos/ HTTP/1.1" 200 6691
[ERROR] 2025-03-22 00:51:07,705 log Internal Server Error: /planos/criar/
Traceback (most recent call last):
  File "C:\Users\Jorge\gestao_ocorrencias\venv\Lib\site-packages\django\core\handlers\exception.py", line 55, in inner
    response = get_response(request)
               ^^^^^^^^^^^^^^^^^^^^^
  File "C:\Users\Jorge\gestao_ocorrencias\venv\Lib\site-packages\django\core\handlers\base.py", line 197, in _get_response
    response = wrapped_callback(request, *callback_args, **callback_kwargs)
               ^^^^^^^^^^^^^^^^^^^^^^^^^^^^^^^^^^^^^^^^^^^^^^^^^^^^^^^^^^^^
  File "C:\Users\Jorge\gestao_ocorrencias\venv\Lib\site-packages\django\contrib\auth\decorators.py", line 60, in _view_wrapper
    return view_func(request, *args, **kwargs)
           ^^^^^^^^^^^^^^^^^^^^^^^^^^^^^^^^^^^
  File "C:\Users\Jorge\gestao_ocorrencias\planos_acao\views.py", line 59, in criar_plano
    return render(request, "planos_acao/criar_plano.html", {"form": form})
           ^^^^^^^^^^^^^^^^^^^^^^^^^^^^^^^^^^^^^^^^^^^^^^^^^^^^^^^^^^^^^^^
  File "C:\Users\Jorge\gestao_ocorrencias\venv\Lib\site-packages\django\shortcuts.py", line 25, in render
    content = loader.render_to_string(template_name, context, request, using=using)
              ^^^^^^^^^^^^^^^^^^^^^^^^^^^^^^^^^^^^^^^^^^^^^^^^^^^^^^^^^^^^^^^^^^^^^
  File "C:\Users\Jorge\gestao_ocorrencias\venv\Lib\site-packages\django\template\loader.py", line 61, in render_to_string
    template = get_template(template_name, using=using)
               ^^^^^^^^^^^^^^^^^^^^^^^^^^^^^^^^^^^^^^^^
  File "C:\Users\Jorge\gestao_ocorrencias\venv\Lib\site-packages\django\template\loader.py", line 15, in get_template
    return engine.get_template(template_name)
           ^^^^^^^^^^^^^^^^^^^^^^^^^^^^^^^^^^
  File "C:\Users\Jorge\gestao_ocorrencias\venv\Lib\site-packages\django\template\backends\django.py", line 79, in get_template
    return Template(self.engine.get_template(template_name), self)
                    ^^^^^^^^^^^^^^^^^^^^^^^^^^^^^^^^^^^^^^^
  File "C:\Users\Jorge\gestao_ocorrencias\venv\Lib\site-packages\django\template\engine.py", line 177, in get_template
    template, origin = self.find_template(template_name)
                       ^^^^^^^^^^^^^^^^^^^^^^^^^^^^^^^^^
  File "C:\Users\Jorge\gestao_ocorrencias\venv\Lib\site-packages\django\template\engine.py", line 159, in find_template
    template = loader.get_template(name, skip=skip)
               ^^^^^^^^^^^^^^^^^^^^^^^^^^^^^^^^^^^^
  File "C:\Users\Jorge\gestao_ocorrencias\venv\Lib\site-packages\django\template\loaders\cached.py", line 57, in get_template
    template = super().get_template(template_name, skip)
               ^^^^^^^^^^^^^^^^^^^^^^^^^^^^^^^^^^^^^^^^^
  File "C:\Users\Jorge\gestao_ocorrencias\venv\Lib\site-packages\django\template\loaders\base.py", line 28, in get_template
    return Template(
           ^^^^^^^^^
  File "C:\Users\Jorge\gestao_ocorrencias\venv\Lib\site-packages\django\template\base.py", line 154, in __init__
    self.nodelist = self.compile_nodelist()
                    ^^^^^^^^^^^^^^^^^^^^^^^
  File "C:\Users\Jorge\gestao_ocorrencias\venv\Lib\site-packages\django\template\base.py", line 196, in compile_nodelist
    nodelist = parser.parse()
               ^^^^^^^^^^^^^^
  File "C:\Users\Jorge\gestao_ocorrencias\venv\Lib\site-packages\django\template\base.py", line 518, in parse
    raise self.error(token, e)
  File "C:\Users\Jorge\gestao_ocorrencias\venv\Lib\site-packages\django\template\base.py", line 516, in parse
    compiled_result = compile_func(self, token)
                      ^^^^^^^^^^^^^^^^^^^^^^^^^
  File "C:\Users\Jorge\gestao_ocorrencias\venv\Lib\site-packages\django\template\loader_tags.py", line 295, in do_extends
    nodelist = parser.parse()
               ^^^^^^^^^^^^^^
  File "C:\Users\Jorge\gestao_ocorrencias\venv\Lib\site-packages\django\template\base.py", line 518, in parse
    raise self.error(token, e)
  File "C:\Users\Jorge\gestao_ocorrencias\venv\Lib\site-packages\django\template\base.py", line 516, in parse
    compiled_result = compile_func(self, token)
                      ^^^^^^^^^^^^^^^^^^^^^^^^^
  File "C:\Users\Jorge\gestao_ocorrencias\venv\Lib\site-packages\django\template\loader_tags.py", line 234, in do_block
    nodelist = parser.parse(("endblock",))
               ^^^^^^^^^^^^^^^^^^^^^^^^^^^
  File "C:\Users\Jorge\gestao_ocorrencias\venv\Lib\site-packages\django\template\base.py", line 489, in parse
    raise self.error(token, e)
  File "C:\Users\Jorge\gestao_ocorrencias\venv\Lib\site-packages\django\template\base.py", line 487, in parse
    filter_expression = self.compile_filter(token.contents)
                        ^^^^^^^^^^^^^^^^^^^^^^^^^^^^^^^^^^^
  File "C:\Users\Jorge\gestao_ocorrencias\venv\Lib\site-packages\django\template\base.py", line 605, in compile_filter
    return FilterExpression(token, self)
           ^^^^^^^^^^^^^^^^^^^^^^^^^^^^^
  File "C:\Users\Jorge\gestao_ocorrencias\venv\Lib\site-packages\django\template\base.py", line 701, in __init__
    filter_func = parser.find_filter(filter_name)
                  ^^^^^^^^^^^^^^^^^^^^^^^^^^^^^^^
  File "C:\Users\Jorge\gestao_ocorrencias\venv\Lib\site-packages\django\template\base.py", line 611, in find_filter
    raise TemplateSyntaxError("Invalid filter: '%s'" % filter_name)
django.template.exceptions.TemplateSyntaxError: Invalid filter: 'as_widget'
[ERROR] 2025-03-22 00:51:07,872 basehttp "GET /planos/criar/ HTTP/1.1" 500 145
[INFO] 2025-03-22 00:51:29,348 basehttp "GET /planos/ HTTP/1.1" 200 6625
[ERROR] 2025-03-22 00:51:34,136 log Internal Server Error: /planos/criar/
Traceback (most recent call last):
  File "C:\Users\Jorge\gestao_ocorrencias\venv\Lib\site-packages\django\core\handlers\exception.py", line 55, in inner
    response = get_response(request)
               ^^^^^^^^^^^^^^^^^^^^^
  File "C:\Users\Jorge\gestao_ocorrencias\venv\Lib\site-packages\django\core\handlers\base.py", line 197, in _get_response
    response = wrapped_callback(request, *callback_args, **callback_kwargs)
               ^^^^^^^^^^^^^^^^^^^^^^^^^^^^^^^^^^^^^^^^^^^^^^^^^^^^^^^^^^^^
  File "C:\Users\Jorge\gestao_ocorrencias\venv\Lib\site-packages\django\contrib\auth\decorators.py", line 60, in _view_wrapper
    return view_func(request, *args, **kwargs)
           ^^^^^^^^^^^^^^^^^^^^^^^^^^^^^^^^^^^
  File "C:\Users\Jorge\gestao_ocorrencias\planos_acao\views.py", line 59, in criar_plano
    return render(request, "planos_acao/criar_plano.html", {"form": form})
           ^^^^^^^^^^^^^^^^^^^^^^^^^^^^^^^^^^^^^^^^^^^^^^^^^^^^^^^^^^^^^^^
  File "C:\Users\Jorge\gestao_ocorrencias\venv\Lib\site-packages\django\shortcuts.py", line 25, in render
    content = loader.render_to_string(template_name, context, request, using=using)
              ^^^^^^^^^^^^^^^^^^^^^^^^^^^^^^^^^^^^^^^^^^^^^^^^^^^^^^^^^^^^^^^^^^^^^
  File "C:\Users\Jorge\gestao_ocorrencias\venv\Lib\site-packages\django\template\loader.py", line 61, in render_to_string
    template = get_template(template_name, using=using)
               ^^^^^^^^^^^^^^^^^^^^^^^^^^^^^^^^^^^^^^^^
  File "C:\Users\Jorge\gestao_ocorrencias\venv\Lib\site-packages\django\template\loader.py", line 15, in get_template
    return engine.get_template(template_name)
           ^^^^^^^^^^^^^^^^^^^^^^^^^^^^^^^^^^
  File "C:\Users\Jorge\gestao_ocorrencias\venv\Lib\site-packages\django\template\backends\django.py", line 79, in get_template
    return Template(self.engine.get_template(template_name), self)
                    ^^^^^^^^^^^^^^^^^^^^^^^^^^^^^^^^^^^^^^^
  File "C:\Users\Jorge\gestao_ocorrencias\venv\Lib\site-packages\django\template\engine.py", line 177, in get_template
    template, origin = self.find_template(template_name)
                       ^^^^^^^^^^^^^^^^^^^^^^^^^^^^^^^^^
  File "C:\Users\Jorge\gestao_ocorrencias\venv\Lib\site-packages\django\template\engine.py", line 159, in find_template
    template = loader.get_template(name, skip=skip)
               ^^^^^^^^^^^^^^^^^^^^^^^^^^^^^^^^^^^^
  File "C:\Users\Jorge\gestao_ocorrencias\venv\Lib\site-packages\django\template\loaders\cached.py", line 57, in get_template
    template = super().get_template(template_name, skip)
               ^^^^^^^^^^^^^^^^^^^^^^^^^^^^^^^^^^^^^^^^^
  File "C:\Users\Jorge\gestao_ocorrencias\venv\Lib\site-packages\django\template\loaders\base.py", line 28, in get_template
    return Template(
           ^^^^^^^^^
  File "C:\Users\Jorge\gestao_ocorrencias\venv\Lib\site-packages\django\template\base.py", line 154, in __init__
    self.nodelist = self.compile_nodelist()
                    ^^^^^^^^^^^^^^^^^^^^^^^
  File "C:\Users\Jorge\gestao_ocorrencias\venv\Lib\site-packages\django\template\base.py", line 196, in compile_nodelist
    nodelist = parser.parse()
               ^^^^^^^^^^^^^^
  File "C:\Users\Jorge\gestao_ocorrencias\venv\Lib\site-packages\django\template\base.py", line 518, in parse
    raise self.error(token, e)
  File "C:\Users\Jorge\gestao_ocorrencias\venv\Lib\site-packages\django\template\base.py", line 516, in parse
    compiled_result = compile_func(self, token)
                      ^^^^^^^^^^^^^^^^^^^^^^^^^
  File "C:\Users\Jorge\gestao_ocorrencias\venv\Lib\site-packages\django\template\loader_tags.py", line 295, in do_extends
    nodelist = parser.parse()
               ^^^^^^^^^^^^^^
  File "C:\Users\Jorge\gestao_ocorrencias\venv\Lib\site-packages\django\template\base.py", line 518, in parse
    raise self.error(token, e)
  File "C:\Users\Jorge\gestao_ocorrencias\venv\Lib\site-packages\django\template\base.py", line 516, in parse
    compiled_result = compile_func(self, token)
                      ^^^^^^^^^^^^^^^^^^^^^^^^^
  File "C:\Users\Jorge\gestao_ocorrencias\venv\Lib\site-packages\django\template\loader_tags.py", line 234, in do_block
    nodelist = parser.parse(("endblock",))
               ^^^^^^^^^^^^^^^^^^^^^^^^^^^
  File "C:\Users\Jorge\gestao_ocorrencias\venv\Lib\site-packages\django\template\base.py", line 489, in parse
    raise self.error(token, e)
  File "C:\Users\Jorge\gestao_ocorrencias\venv\Lib\site-packages\django\template\base.py", line 487, in parse
    filter_expression = self.compile_filter(token.contents)
                        ^^^^^^^^^^^^^^^^^^^^^^^^^^^^^^^^^^^
  File "C:\Users\Jorge\gestao_ocorrencias\venv\Lib\site-packages\django\template\base.py", line 605, in compile_filter
    return FilterExpression(token, self)
           ^^^^^^^^^^^^^^^^^^^^^^^^^^^^^
  File "C:\Users\Jorge\gestao_ocorrencias\venv\Lib\site-packages\django\template\base.py", line 701, in __init__
    filter_func = parser.find_filter(filter_name)
                  ^^^^^^^^^^^^^^^^^^^^^^^^^^^^^^^
  File "C:\Users\Jorge\gestao_ocorrencias\venv\Lib\site-packages\django\template\base.py", line 611, in find_filter
    raise TemplateSyntaxError("Invalid filter: '%s'" % filter_name)
django.template.exceptions.TemplateSyntaxError: Invalid filter: 'as_widget'
[ERROR] 2025-03-22 00:51:34,283 basehttp "GET /planos/criar/ HTTP/1.1" 500 145
[ERROR] 2025-03-22 00:51:53,173 log Internal Server Error: /planos/criar/
Traceback (most recent call last):
  File "C:\Users\Jorge\gestao_ocorrencias\venv\Lib\site-packages\django\core\handlers\exception.py", line 55, in inner
    response = get_response(request)
               ^^^^^^^^^^^^^^^^^^^^^
  File "C:\Users\Jorge\gestao_ocorrencias\venv\Lib\site-packages\django\core\handlers\base.py", line 197, in _get_response
    response = wrapped_callback(request, *callback_args, **callback_kwargs)
               ^^^^^^^^^^^^^^^^^^^^^^^^^^^^^^^^^^^^^^^^^^^^^^^^^^^^^^^^^^^^
  File "C:\Users\Jorge\gestao_ocorrencias\venv\Lib\site-packages\django\contrib\auth\decorators.py", line 60, in _view_wrapper
    return view_func(request, *args, **kwargs)
           ^^^^^^^^^^^^^^^^^^^^^^^^^^^^^^^^^^^
  File "C:\Users\Jorge\gestao_ocorrencias\planos_acao\views.py", line 59, in criar_plano
    return render(request, "planos_acao/criar_plano.html", {"form": form})
           ^^^^^^^^^^^^^^^^^^^^^^^^^^^^^^^^^^^^^^^^^^^^^^^^^^^^^^^^^^^^^^^
  File "C:\Users\Jorge\gestao_ocorrencias\venv\Lib\site-packages\django\shortcuts.py", line 25, in render
    content = loader.render_to_string(template_name, context, request, using=using)
              ^^^^^^^^^^^^^^^^^^^^^^^^^^^^^^^^^^^^^^^^^^^^^^^^^^^^^^^^^^^^^^^^^^^^^
  File "C:\Users\Jorge\gestao_ocorrencias\venv\Lib\site-packages\django\template\loader.py", line 61, in render_to_string
    template = get_template(template_name, using=using)
               ^^^^^^^^^^^^^^^^^^^^^^^^^^^^^^^^^^^^^^^^
  File "C:\Users\Jorge\gestao_ocorrencias\venv\Lib\site-packages\django\template\loader.py", line 15, in get_template
    return engine.get_template(template_name)
           ^^^^^^^^^^^^^^^^^^^^^^^^^^^^^^^^^^
  File "C:\Users\Jorge\gestao_ocorrencias\venv\Lib\site-packages\django\template\backends\django.py", line 79, in get_template
    return Template(self.engine.get_template(template_name), self)
                    ^^^^^^^^^^^^^^^^^^^^^^^^^^^^^^^^^^^^^^^
  File "C:\Users\Jorge\gestao_ocorrencias\venv\Lib\site-packages\django\template\engine.py", line 177, in get_template
    template, origin = self.find_template(template_name)
                       ^^^^^^^^^^^^^^^^^^^^^^^^^^^^^^^^^
  File "C:\Users\Jorge\gestao_ocorrencias\venv\Lib\site-packages\django\template\engine.py", line 159, in find_template
    template = loader.get_template(name, skip=skip)
               ^^^^^^^^^^^^^^^^^^^^^^^^^^^^^^^^^^^^
  File "C:\Users\Jorge\gestao_ocorrencias\venv\Lib\site-packages\django\template\loaders\cached.py", line 57, in get_template
    template = super().get_template(template_name, skip)
               ^^^^^^^^^^^^^^^^^^^^^^^^^^^^^^^^^^^^^^^^^
  File "C:\Users\Jorge\gestao_ocorrencias\venv\Lib\site-packages\django\template\loaders\base.py", line 28, in get_template
    return Template(
           ^^^^^^^^^
  File "C:\Users\Jorge\gestao_ocorrencias\venv\Lib\site-packages\django\template\base.py", line 154, in __init__
    self.nodelist = self.compile_nodelist()
                    ^^^^^^^^^^^^^^^^^^^^^^^
  File "C:\Users\Jorge\gestao_ocorrencias\venv\Lib\site-packages\django\template\base.py", line 196, in compile_nodelist
    nodelist = parser.parse()
               ^^^^^^^^^^^^^^
  File "C:\Users\Jorge\gestao_ocorrencias\venv\Lib\site-packages\django\template\base.py", line 518, in parse
    raise self.error(token, e)
  File "C:\Users\Jorge\gestao_ocorrencias\venv\Lib\site-packages\django\template\base.py", line 516, in parse
    compiled_result = compile_func(self, token)
                      ^^^^^^^^^^^^^^^^^^^^^^^^^
  File "C:\Users\Jorge\gestao_ocorrencias\venv\Lib\site-packages\django\template\loader_tags.py", line 295, in do_extends
    nodelist = parser.parse()
               ^^^^^^^^^^^^^^
  File "C:\Users\Jorge\gestao_ocorrencias\venv\Lib\site-packages\django\template\base.py", line 518, in parse
    raise self.error(token, e)
  File "C:\Users\Jorge\gestao_ocorrencias\venv\Lib\site-packages\django\template\base.py", line 516, in parse
    compiled_result = compile_func(self, token)
                      ^^^^^^^^^^^^^^^^^^^^^^^^^
  File "C:\Users\Jorge\gestao_ocorrencias\venv\Lib\site-packages\django\template\loader_tags.py", line 234, in do_block
    nodelist = parser.parse(("endblock",))
               ^^^^^^^^^^^^^^^^^^^^^^^^^^^
  File "C:\Users\Jorge\gestao_ocorrencias\venv\Lib\site-packages\django\template\base.py", line 489, in parse
    raise self.error(token, e)
  File "C:\Users\Jorge\gestao_ocorrencias\venv\Lib\site-packages\django\template\base.py", line 487, in parse
    filter_expression = self.compile_filter(token.contents)
                        ^^^^^^^^^^^^^^^^^^^^^^^^^^^^^^^^^^^
  File "C:\Users\Jorge\gestao_ocorrencias\venv\Lib\site-packages\django\template\base.py", line 605, in compile_filter
    return FilterExpression(token, self)
           ^^^^^^^^^^^^^^^^^^^^^^^^^^^^^
  File "C:\Users\Jorge\gestao_ocorrencias\venv\Lib\site-packages\django\template\base.py", line 701, in __init__
    filter_func = parser.find_filter(filter_name)
                  ^^^^^^^^^^^^^^^^^^^^^^^^^^^^^^^
  File "C:\Users\Jorge\gestao_ocorrencias\venv\Lib\site-packages\django\template\base.py", line 611, in find_filter
    raise TemplateSyntaxError("Invalid filter: '%s'" % filter_name)
django.template.exceptions.TemplateSyntaxError: Invalid filter: 'as_widget'
[ERROR] 2025-03-22 00:51:53,345 basehttp "GET /planos/criar/ HTTP/1.1" 500 145
[INFO] 2025-03-22 00:56:29,742 autoreload Watching for file changes with StatReloader
[INFO] 2025-03-22 00:56:37,962 basehttp "GET /planos/?responsavel=&status=&data_inicio=&data_fim= HTTP/1.1" 200 6625
[ERROR] 2025-03-22 00:56:41,766 log Internal Server Error: /planos/criar/
Traceback (most recent call last):
  File "C:\Users\Jorge\gestao_ocorrencias\venv\Lib\site-packages\django\core\handlers\exception.py", line 55, in inner
    response = get_response(request)
               ^^^^^^^^^^^^^^^^^^^^^
  File "C:\Users\Jorge\gestao_ocorrencias\venv\Lib\site-packages\django\core\handlers\base.py", line 197, in _get_response
    response = wrapped_callback(request, *callback_args, **callback_kwargs)
               ^^^^^^^^^^^^^^^^^^^^^^^^^^^^^^^^^^^^^^^^^^^^^^^^^^^^^^^^^^^^
  File "C:\Users\Jorge\gestao_ocorrencias\venv\Lib\site-packages\django\contrib\auth\decorators.py", line 60, in _view_wrapper
    return view_func(request, *args, **kwargs)
           ^^^^^^^^^^^^^^^^^^^^^^^^^^^^^^^^^^^
  File "C:\Users\Jorge\gestao_ocorrencias\planos_acao\views.py", line 59, in criar_plano
    return render(request, "planos_acao/criar_plano.html", {"form": form})
           ^^^^^^^^^^^^^^^^^^^^^^^^^^^^^^^^^^^^^^^^^^^^^^^^^^^^^^^^^^^^^^^
  File "C:\Users\Jorge\gestao_ocorrencias\venv\Lib\site-packages\django\shortcuts.py", line 25, in render
    content = loader.render_to_string(template_name, context, request, using=using)
              ^^^^^^^^^^^^^^^^^^^^^^^^^^^^^^^^^^^^^^^^^^^^^^^^^^^^^^^^^^^^^^^^^^^^^
  File "C:\Users\Jorge\gestao_ocorrencias\venv\Lib\site-packages\django\template\loader.py", line 61, in render_to_string
    template = get_template(template_name, using=using)
               ^^^^^^^^^^^^^^^^^^^^^^^^^^^^^^^^^^^^^^^^
  File "C:\Users\Jorge\gestao_ocorrencias\venv\Lib\site-packages\django\template\loader.py", line 15, in get_template
    return engine.get_template(template_name)
           ^^^^^^^^^^^^^^^^^^^^^^^^^^^^^^^^^^
  File "C:\Users\Jorge\gestao_ocorrencias\venv\Lib\site-packages\django\template\backends\django.py", line 79, in get_template
    return Template(self.engine.get_template(template_name), self)
                    ^^^^^^^^^^^^^^^^^^^^^^^^^^^^^^^^^^^^^^^
  File "C:\Users\Jorge\gestao_ocorrencias\venv\Lib\site-packages\django\template\engine.py", line 177, in get_template
    template, origin = self.find_template(template_name)
                       ^^^^^^^^^^^^^^^^^^^^^^^^^^^^^^^^^
  File "C:\Users\Jorge\gestao_ocorrencias\venv\Lib\site-packages\django\template\engine.py", line 159, in find_template
    template = loader.get_template(name, skip=skip)
               ^^^^^^^^^^^^^^^^^^^^^^^^^^^^^^^^^^^^
  File "C:\Users\Jorge\gestao_ocorrencias\venv\Lib\site-packages\django\template\loaders\cached.py", line 57, in get_template
    template = super().get_template(template_name, skip)
               ^^^^^^^^^^^^^^^^^^^^^^^^^^^^^^^^^^^^^^^^^
  File "C:\Users\Jorge\gestao_ocorrencias\venv\Lib\site-packages\django\template\loaders\base.py", line 28, in get_template
    return Template(
           ^^^^^^^^^
  File "C:\Users\Jorge\gestao_ocorrencias\venv\Lib\site-packages\django\template\base.py", line 154, in __init__
    self.nodelist = self.compile_nodelist()
                    ^^^^^^^^^^^^^^^^^^^^^^^
  File "C:\Users\Jorge\gestao_ocorrencias\venv\Lib\site-packages\django\template\base.py", line 196, in compile_nodelist
    nodelist = parser.parse()
               ^^^^^^^^^^^^^^
  File "C:\Users\Jorge\gestao_ocorrencias\venv\Lib\site-packages\django\template\base.py", line 518, in parse
    raise self.error(token, e)
  File "C:\Users\Jorge\gestao_ocorrencias\venv\Lib\site-packages\django\template\base.py", line 516, in parse
    compiled_result = compile_func(self, token)
                      ^^^^^^^^^^^^^^^^^^^^^^^^^
  File "C:\Users\Jorge\gestao_ocorrencias\venv\Lib\site-packages\django\template\loader_tags.py", line 295, in do_extends
    nodelist = parser.parse()
               ^^^^^^^^^^^^^^
  File "C:\Users\Jorge\gestao_ocorrencias\venv\Lib\site-packages\django\template\base.py", line 518, in parse
    raise self.error(token, e)
  File "C:\Users\Jorge\gestao_ocorrencias\venv\Lib\site-packages\django\template\base.py", line 516, in parse
    compiled_result = compile_func(self, token)
                      ^^^^^^^^^^^^^^^^^^^^^^^^^
  File "C:\Users\Jorge\gestao_ocorrencias\venv\Lib\site-packages\django\template\loader_tags.py", line 234, in do_block
    nodelist = parser.parse(("endblock",))
               ^^^^^^^^^^^^^^^^^^^^^^^^^^^
  File "C:\Users\Jorge\gestao_ocorrencias\venv\Lib\site-packages\django\template\base.py", line 489, in parse
    raise self.error(token, e)
  File "C:\Users\Jorge\gestao_ocorrencias\venv\Lib\site-packages\django\template\base.py", line 487, in parse
    filter_expression = self.compile_filter(token.contents)
                        ^^^^^^^^^^^^^^^^^^^^^^^^^^^^^^^^^^^
  File "C:\Users\Jorge\gestao_ocorrencias\venv\Lib\site-packages\django\template\base.py", line 605, in compile_filter
    return FilterExpression(token, self)
           ^^^^^^^^^^^^^^^^^^^^^^^^^^^^^
  File "C:\Users\Jorge\gestao_ocorrencias\venv\Lib\site-packages\django\template\base.py", line 701, in __init__
    filter_func = parser.find_filter(filter_name)
                  ^^^^^^^^^^^^^^^^^^^^^^^^^^^^^^^
  File "C:\Users\Jorge\gestao_ocorrencias\venv\Lib\site-packages\django\template\base.py", line 611, in find_filter
    raise TemplateSyntaxError("Invalid filter: '%s'" % filter_name)
django.template.exceptions.TemplateSyntaxError: Invalid filter: 'as_widget'
[ERROR] 2025-03-22 00:56:41,925 basehttp "GET /planos/criar/ HTTP/1.1" 500 145
[ERROR] 2025-03-22 00:57:28,504 log Internal Server Error: /planos/criar/
Traceback (most recent call last):
  File "C:\Users\Jorge\gestao_ocorrencias\venv\Lib\site-packages\django\core\handlers\exception.py", line 55, in inner
    response = get_response(request)
               ^^^^^^^^^^^^^^^^^^^^^
  File "C:\Users\Jorge\gestao_ocorrencias\venv\Lib\site-packages\django\core\handlers\base.py", line 197, in _get_response
    response = wrapped_callback(request, *callback_args, **callback_kwargs)
               ^^^^^^^^^^^^^^^^^^^^^^^^^^^^^^^^^^^^^^^^^^^^^^^^^^^^^^^^^^^^
  File "C:\Users\Jorge\gestao_ocorrencias\venv\Lib\site-packages\django\contrib\auth\decorators.py", line 60, in _view_wrapper
    return view_func(request, *args, **kwargs)
           ^^^^^^^^^^^^^^^^^^^^^^^^^^^^^^^^^^^
  File "C:\Users\Jorge\gestao_ocorrencias\planos_acao\views.py", line 59, in criar_plano
    return render(request, "planos_acao/criar_plano.html", {"form": form})
           ^^^^^^^^^^^^^^^^^^^^^^^^^^^^^^^^^^^^^^^^^^^^^^^^^^^^^^^^^^^^^^^
  File "C:\Users\Jorge\gestao_ocorrencias\venv\Lib\site-packages\django\shortcuts.py", line 25, in render
    content = loader.render_to_string(template_name, context, request, using=using)
              ^^^^^^^^^^^^^^^^^^^^^^^^^^^^^^^^^^^^^^^^^^^^^^^^^^^^^^^^^^^^^^^^^^^^^
  File "C:\Users\Jorge\gestao_ocorrencias\venv\Lib\site-packages\django\template\loader.py", line 61, in render_to_string
    template = get_template(template_name, using=using)
               ^^^^^^^^^^^^^^^^^^^^^^^^^^^^^^^^^^^^^^^^
  File "C:\Users\Jorge\gestao_ocorrencias\venv\Lib\site-packages\django\template\loader.py", line 15, in get_template
    return engine.get_template(template_name)
           ^^^^^^^^^^^^^^^^^^^^^^^^^^^^^^^^^^
  File "C:\Users\Jorge\gestao_ocorrencias\venv\Lib\site-packages\django\template\backends\django.py", line 79, in get_template
    return Template(self.engine.get_template(template_name), self)
                    ^^^^^^^^^^^^^^^^^^^^^^^^^^^^^^^^^^^^^^^
  File "C:\Users\Jorge\gestao_ocorrencias\venv\Lib\site-packages\django\template\engine.py", line 177, in get_template
    template, origin = self.find_template(template_name)
                       ^^^^^^^^^^^^^^^^^^^^^^^^^^^^^^^^^
  File "C:\Users\Jorge\gestao_ocorrencias\venv\Lib\site-packages\django\template\engine.py", line 159, in find_template
    template = loader.get_template(name, skip=skip)
               ^^^^^^^^^^^^^^^^^^^^^^^^^^^^^^^^^^^^
  File "C:\Users\Jorge\gestao_ocorrencias\venv\Lib\site-packages\django\template\loaders\cached.py", line 57, in get_template
    template = super().get_template(template_name, skip)
               ^^^^^^^^^^^^^^^^^^^^^^^^^^^^^^^^^^^^^^^^^
  File "C:\Users\Jorge\gestao_ocorrencias\venv\Lib\site-packages\django\template\loaders\base.py", line 28, in get_template
    return Template(
           ^^^^^^^^^
  File "C:\Users\Jorge\gestao_ocorrencias\venv\Lib\site-packages\django\template\base.py", line 154, in __init__
    self.nodelist = self.compile_nodelist()
                    ^^^^^^^^^^^^^^^^^^^^^^^
  File "C:\Users\Jorge\gestao_ocorrencias\venv\Lib\site-packages\django\template\base.py", line 196, in compile_nodelist
    nodelist = parser.parse()
               ^^^^^^^^^^^^^^
  File "C:\Users\Jorge\gestao_ocorrencias\venv\Lib\site-packages\django\template\base.py", line 518, in parse
    raise self.error(token, e)
  File "C:\Users\Jorge\gestao_ocorrencias\venv\Lib\site-packages\django\template\base.py", line 516, in parse
    compiled_result = compile_func(self, token)
                      ^^^^^^^^^^^^^^^^^^^^^^^^^
  File "C:\Users\Jorge\gestao_ocorrencias\venv\Lib\site-packages\django\template\loader_tags.py", line 295, in do_extends
    nodelist = parser.parse()
               ^^^^^^^^^^^^^^
  File "C:\Users\Jorge\gestao_ocorrencias\venv\Lib\site-packages\django\template\base.py", line 518, in parse
    raise self.error(token, e)
  File "C:\Users\Jorge\gestao_ocorrencias\venv\Lib\site-packages\django\template\base.py", line 516, in parse
    compiled_result = compile_func(self, token)
                      ^^^^^^^^^^^^^^^^^^^^^^^^^
  File "C:\Users\Jorge\gestao_ocorrencias\venv\Lib\site-packages\django\template\loader_tags.py", line 234, in do_block
    nodelist = parser.parse(("endblock",))
               ^^^^^^^^^^^^^^^^^^^^^^^^^^^
  File "C:\Users\Jorge\gestao_ocorrencias\venv\Lib\site-packages\django\template\base.py", line 489, in parse
    raise self.error(token, e)
  File "C:\Users\Jorge\gestao_ocorrencias\venv\Lib\site-packages\django\template\base.py", line 487, in parse
    filter_expression = self.compile_filter(token.contents)
                        ^^^^^^^^^^^^^^^^^^^^^^^^^^^^^^^^^^^
  File "C:\Users\Jorge\gestao_ocorrencias\venv\Lib\site-packages\django\template\base.py", line 605, in compile_filter
    return FilterExpression(token, self)
           ^^^^^^^^^^^^^^^^^^^^^^^^^^^^^
  File "C:\Users\Jorge\gestao_ocorrencias\venv\Lib\site-packages\django\template\base.py", line 706, in __init__
    raise TemplateSyntaxError(
django.template.exceptions.TemplateSyntaxError: Could not parse the remainder: '(attrs={'class': 'form-select'})' from 'form.ocorrencia(attrs={'class': 'form-select'})'
[ERROR] 2025-03-22 00:57:28,743 basehttp "GET /planos/criar/ HTTP/1.1" 500 145
[INFO] 2025-03-22 00:59:06,840 autoreload C:\Users\Jorge\gestao_ocorrencias\planos_acao\forms.py changed, reloading.
[INFO] 2025-03-22 00:59:08,338 autoreload Watching for file changes with StatReloader
[INFO] 2025-03-22 00:59:36,288 basehttp "GET /planos/criar/ HTTP/1.1" 200 10256
[INFO] 2025-03-22 01:00:36,613 basehttp "POST /planos/criar/ HTTP/1.1" 302 0
[INFO] 2025-03-22 01:00:38,876 basehttp "GET /planos/ HTTP/1.1" 200 7039
[INFO] 2025-03-22 01:00:45,706 basehttp "GET /planos/detalhar/1/ HTTP/1.1" 200 5887
[INFO] 2025-03-22 01:00:50,938 basehttp "GET /planos/ HTTP/1.1" 200 7039
[ERROR] 2025-03-22 01:00:58,466 log Internal Server Error: /planos/editar/1/
Traceback (most recent call last):
  File "C:\Users\Jorge\gestao_ocorrencias\venv\Lib\site-packages\django\core\handlers\exception.py", line 55, in inner
    response = get_response(request)
               ^^^^^^^^^^^^^^^^^^^^^
  File "C:\Users\Jorge\gestao_ocorrencias\venv\Lib\site-packages\django\core\handlers\base.py", line 197, in _get_response
    response = wrapped_callback(request, *callback_args, **callback_kwargs)
               ^^^^^^^^^^^^^^^^^^^^^^^^^^^^^^^^^^^^^^^^^^^^^^^^^^^^^^^^^^^^
  File "C:\Users\Jorge\gestao_ocorrencias\venv\Lib\site-packages\django\contrib\auth\decorators.py", line 60, in _view_wrapper
    return view_func(request, *args, **kwargs)
           ^^^^^^^^^^^^^^^^^^^^^^^^^^^^^^^^^^^
TypeError: editar_plano() got an unexpected keyword argument 'plano_id'
[ERROR] 2025-03-22 01:00:58,618 basehttp "GET /planos/editar/1/ HTTP/1.1" 500 145
[INFO] 2025-03-22 01:01:41,523 basehttp "GET /planos/deletar/1/ HTTP/1.1" 200 5695
[INFO] 2025-03-22 01:01:46,917 basehttp "GET /planos/ HTTP/1.1" 200 7039
[ERROR] 2025-03-22 01:02:02,596 log Internal Server Error: /planos/criar/
Traceback (most recent call last):
  File "C:\Users\Jorge\gestao_ocorrencias\venv\Lib\site-packages\django\db\utils.py", line 98, in inner
    return func(*args, **kwargs)
           ^^^^^^^^^^^^^^^^^^^^^
  File "C:\Users\Jorge\gestao_ocorrencias\venv\Lib\site-packages\psycopg\server_cursor.py", line 320, in fetchmany
    recs = self._conn.wait(self._fetch_gen(size))
           ^^^^^^^^^^^^^^^^^^^^^^^^^^^^^^^^^^^^^^
  File "C:\Users\Jorge\gestao_ocorrencias\venv\Lib\site-packages\psycopg\connection.py", line 407, in wait
    return waiting.wait(gen, self.pgconn.socket, interval=interval)
           ^^^^^^^^^^^^^^^^^^^^^^^^^^^^^^^^^^^^^^^^^^^^^^^^^^^^^^^^
  File "C:\Users\Jorge\gestao_ocorrencias\venv\Lib\site-packages\psycopg\waiting.py", line 256, in wait_select
    s = gen.send(ready)
        ^^^^^^^^^^^^^^^
  File "C:\Users\Jorge\gestao_ocorrencias\venv\Lib\site-packages\psycopg\server_cursor.py", line 174, in _fetch_gen
    res = yield from self._conn._exec_command(query, result_format=self._format)
          ^^^^^^^^^^^^^^^^^^^^^^^^^^^^^^^^^^^^^^^^^^^^^^^^^^^^^^^^^^^^^^^^^^^^^^
  File "C:\Users\Jorge\gestao_ocorrencias\venv\Lib\site-packages\psycopg\_connection_base.py", line 479, in _exec_command
    raise e.error_from_result(result, encoding=self.pgconn._encoding)
psycopg.errors.InvalidCursorName: cursor "_django_curs_6628_sync_2" does not exist

The above exception was the direct cause of the following exception:

Traceback (most recent call last):
  File "C:\Users\Jorge\gestao_ocorrencias\venv\Lib\site-packages\django\db\models\sql\compiler.py", line 2112, in cursor_iter
    for rows in iter((lambda: cursor.fetchmany(itersize)), sentinel):
                ^^^^^^^^^^^^^^^^^^^^^^^^^^^^^^^^^^^^^^^^^^^^^^^^^^^^
  File "C:\Users\Jorge\gestao_ocorrencias\venv\Lib\site-packages\django\db\models\sql\compiler.py", line 2112, in <lambda>
    for rows in iter((lambda: cursor.fetchmany(itersize)), sentinel):
                              ^^^^^^^^^^^^^^^^^^^^^^^^^^
  File "C:\Users\Jorge\gestao_ocorrencias\venv\Lib\site-packages\django\db\utils.py", line 97, in inner
    with self:
         ^^^^
  File "C:\Users\Jorge\gestao_ocorrencias\venv\Lib\site-packages\django\db\utils.py", line 91, in __exit__
    raise dj_exc_value.with_traceback(traceback) from exc_value
  File "C:\Users\Jorge\gestao_ocorrencias\venv\Lib\site-packages\django\db\utils.py", line 98, in inner
    return func(*args, **kwargs)
           ^^^^^^^^^^^^^^^^^^^^^
  File "C:\Users\Jorge\gestao_ocorrencias\venv\Lib\site-packages\psycopg\server_cursor.py", line 320, in fetchmany
    recs = self._conn.wait(self._fetch_gen(size))
           ^^^^^^^^^^^^^^^^^^^^^^^^^^^^^^^^^^^^^^
  File "C:\Users\Jorge\gestao_ocorrencias\venv\Lib\site-packages\psycopg\connection.py", line 407, in wait
    return waiting.wait(gen, self.pgconn.socket, interval=interval)
           ^^^^^^^^^^^^^^^^^^^^^^^^^^^^^^^^^^^^^^^^^^^^^^^^^^^^^^^^
  File "C:\Users\Jorge\gestao_ocorrencias\venv\Lib\site-packages\psycopg\waiting.py", line 256, in wait_select
    s = gen.send(ready)
        ^^^^^^^^^^^^^^^
  File "C:\Users\Jorge\gestao_ocorrencias\venv\Lib\site-packages\psycopg\server_cursor.py", line 174, in _fetch_gen
    res = yield from self._conn._exec_command(query, result_format=self._format)
          ^^^^^^^^^^^^^^^^^^^^^^^^^^^^^^^^^^^^^^^^^^^^^^^^^^^^^^^^^^^^^^^^^^^^^^
  File "C:\Users\Jorge\gestao_ocorrencias\venv\Lib\site-packages\psycopg\_connection_base.py", line 479, in _exec_command
    raise e.error_from_result(result, encoding=self.pgconn._encoding)
django.db.utils.ProgrammingError: cursor "_django_curs_6628_sync_2" does not exist

During handling of the above exception, another exception occurred:

Traceback (most recent call last):
  File "C:\Users\Jorge\gestao_ocorrencias\venv\Lib\site-packages\django\core\handlers\exception.py", line 55, in inner
    response = get_response(request)
               ^^^^^^^^^^^^^^^^^^^^^
  File "C:\Users\Jorge\gestao_ocorrencias\venv\Lib\site-packages\django\core\handlers\base.py", line 197, in _get_response
    response = wrapped_callback(request, *callback_args, **callback_kwargs)
               ^^^^^^^^^^^^^^^^^^^^^^^^^^^^^^^^^^^^^^^^^^^^^^^^^^^^^^^^^^^^
  File "C:\Users\Jorge\gestao_ocorrencias\venv\Lib\site-packages\django\contrib\auth\decorators.py", line 60, in _view_wrapper
    return view_func(request, *args, **kwargs)
           ^^^^^^^^^^^^^^^^^^^^^^^^^^^^^^^^^^^
  File "C:\Users\Jorge\gestao_ocorrencias\planos_acao\views.py", line 59, in criar_plano
    return render(request, "planos_acao/criar_plano.html", {"form": form})
           ^^^^^^^^^^^^^^^^^^^^^^^^^^^^^^^^^^^^^^^^^^^^^^^^^^^^^^^^^^^^^^^
  File "C:\Users\Jorge\gestao_ocorrencias\venv\Lib\site-packages\django\shortcuts.py", line 25, in render
    content = loader.render_to_string(template_name, context, request, using=using)
              ^^^^^^^^^^^^^^^^^^^^^^^^^^^^^^^^^^^^^^^^^^^^^^^^^^^^^^^^^^^^^^^^^^^^^
  File "C:\Users\Jorge\gestao_ocorrencias\venv\Lib\site-packages\django\template\loader.py", line 62, in render_to_string
    return template.render(context, request)
           ^^^^^^^^^^^^^^^^^^^^^^^^^^^^^^^^^
  File "C:\Users\Jorge\gestao_ocorrencias\venv\Lib\site-packages\django\template\backends\django.py", line 107, in render
    return self.template.render(context)
           ^^^^^^^^^^^^^^^^^^^^^^^^^^^^^
  File "C:\Users\Jorge\gestao_ocorrencias\venv\Lib\site-packages\django\template\base.py", line 171, in render
    return self._render(context)
           ^^^^^^^^^^^^^^^^^^^^^
  File "C:\Users\Jorge\gestao_ocorrencias\venv\Lib\site-packages\django\template\base.py", line 163, in _render
    return self.nodelist.render(context)
           ^^^^^^^^^^^^^^^^^^^^^^^^^^^^^
  File "C:\Users\Jorge\gestao_ocorrencias\venv\Lib\site-packages\django\template\base.py", line 1008, in render
    return SafeString("".join([node.render_annotated(context) for node in self]))
                               ^^^^^^^^^^^^^^^^^^^^^^^^^^^^^^
  File "C:\Users\Jorge\gestao_ocorrencias\venv\Lib\site-packages\django\template\base.py", line 969, in render_annotated
    return self.render(context)
           ^^^^^^^^^^^^^^^^^^^^
  File "C:\Users\Jorge\gestao_ocorrencias\venv\Lib\site-packages\django\template\loader_tags.py", line 159, in render
    return compiled_parent._render(context)
           ^^^^^^^^^^^^^^^^^^^^^^^^^^^^^^^^
  File "C:\Users\Jorge\gestao_ocorrencias\venv\Lib\site-packages\django\template\base.py", line 163, in _render
    return self.nodelist.render(context)
           ^^^^^^^^^^^^^^^^^^^^^^^^^^^^^
  File "C:\Users\Jorge\gestao_ocorrencias\venv\Lib\site-packages\django\template\base.py", line 1008, in render
    return SafeString("".join([node.render_annotated(context) for node in self]))
                               ^^^^^^^^^^^^^^^^^^^^^^^^^^^^^^
  File "C:\Users\Jorge\gestao_ocorrencias\venv\Lib\site-packages\django\template\base.py", line 969, in render_annotated
    return self.render(context)
           ^^^^^^^^^^^^^^^^^^^^
  File "C:\Users\Jorge\gestao_ocorrencias\venv\Lib\site-packages\django\template\loader_tags.py", line 65, in render
    result = block.nodelist.render(context)
             ^^^^^^^^^^^^^^^^^^^^^^^^^^^^^^
  File "C:\Users\Jorge\gestao_ocorrencias\venv\Lib\site-packages\django\template\base.py", line 1008, in render
    return SafeString("".join([node.render_annotated(context) for node in self]))
                               ^^^^^^^^^^^^^^^^^^^^^^^^^^^^^^
  File "C:\Users\Jorge\gestao_ocorrencias\venv\Lib\site-packages\django\template\base.py", line 969, in render_annotated
    return self.render(context)
           ^^^^^^^^^^^^^^^^^^^^
  File "C:\Users\Jorge\gestao_ocorrencias\venv\Lib\site-packages\django\template\base.py", line 1073, in render
    return render_value_in_context(output, context)
           ^^^^^^^^^^^^^^^^^^^^^^^^^^^^^^^^^^^^^^^^
  File "C:\Users\Jorge\gestao_ocorrencias\venv\Lib\site-packages\django\template\base.py", line 1050, in render_value_in_context
    value = str(value)
            ^^^^^^^^^^
  File "C:\Users\Jorge\gestao_ocorrencias\venv\Lib\site-packages\django\forms\utils.py", line 79, in __str__
    return self.as_widget()
           ^^^^^^^^^^^^^^^^
  File "C:\Users\Jorge\gestao_ocorrencias\venv\Lib\site-packages\django\forms\boundfield.py", line 108, in as_widget
    return widget.render(
           ^^^^^^^^^^^^^^
  File "C:\Users\Jorge\gestao_ocorrencias\venv\Lib\site-packages\django\forms\widgets.py", line 278, in render
    context = self.get_context(name, value, attrs)
              ^^^^^^^^^^^^^^^^^^^^^^^^^^^^^^^^^^^^
  File "C:\Users\Jorge\gestao_ocorrencias\venv\Lib\site-packages\django\forms\widgets.py", line 764, in get_context
    context = super().get_context(name, value, attrs)
              ^^^^^^^^^^^^^^^^^^^^^^^^^^^^^^^^^^^^^^^
  File "C:\Users\Jorge\gestao_ocorrencias\venv\Lib\site-packages\django\forms\widgets.py", line 715, in get_context
    context["widget"]["optgroups"] = self.optgroups(
                                     ^^^^^^^^^^^^^^^
  File "C:\Users\Jorge\gestao_ocorrencias\venv\Lib\site-packages\django\forms\widgets.py", line 655, in optgroups
    for index, (option_value, option_label) in enumerate(self.choices):
                                               ^^^^^^^^^^^^^^^^^^^^^^^
  File "C:\Users\Jorge\gestao_ocorrencias\venv\Lib\site-packages\django\forms\models.py", line 1424, in __iter__
    for obj in queryset:
               ^^^^^^^^
  File "C:\Users\Jorge\gestao_ocorrencias\venv\Lib\site-packages\django\db\models\query.py", line 518, in _iterator
    yield from iterable
  File "C:\Users\Jorge\gestao_ocorrencias\venv\Lib\site-packages\django\db\models\query.py", line 123, in __iter__
    for row in compiler.results_iter(results):
               ^^^^^^^^^^^^^^^^^^^^^^^^^^^^^^
  File "C:\Users\Jorge\gestao_ocorrencias\venv\Lib\site-packages\django\db\models\sql\compiler.py", line 1508, in apply_converters
    for row in map(list, rows):
               ^^^^^^^^^^^^^^^
  File "C:\Users\Jorge\gestao_ocorrencias\venv\Lib\site-packages\django\db\models\sql\compiler.py", line 2115, in cursor_iter
    cursor.close()
  File "C:\Users\Jorge\gestao_ocorrencias\venv\Lib\site-packages\psycopg\server_cursor.py", line 268, in close
    self._conn.wait(self._close_gen())
  File "C:\Users\Jorge\gestao_ocorrencias\venv\Lib\site-packages\psycopg\connection.py", line 407, in wait
    return waiting.wait(gen, self.pgconn.socket, interval=interval)
           ^^^^^^^^^^^^^^^^^^^^^^^^^^^^^^^^^^^^^^^^^^^^^^^^^^^^^^^^
  File "C:\Users\Jorge\gestao_ocorrencias\venv\Lib\site-packages\psycopg\waiting.py", line 256, in wait_select
    s = gen.send(ready)
        ^^^^^^^^^^^^^^^
  File "C:\Users\Jorge\gestao_ocorrencias\venv\Lib\site-packages\psycopg\server_cursor.py", line 160, in _close_gen
    yield from self._conn._exec_command(query)
  File "C:\Users\Jorge\gestao_ocorrencias\venv\Lib\site-packages\psycopg\_connection_base.py", line 479, in _exec_command
    raise e.error_from_result(result, encoding=self.pgconn._encoding)
psycopg.errors.InvalidCursorName: cursor "_django_curs_6628_sync_2" does not exist
[INFO] 2025-03-22 01:02:02,933 basehttp - Broken pipe from ('127.0.0.1', 50258)
[ERROR] 2025-03-22 01:02:10,730 log Internal Server Error: /planos/criar/
Traceback (most recent call last):
  File "C:\Users\Jorge\gestao_ocorrencias\venv\Lib\site-packages\django\db\utils.py", line 98, in inner
    return func(*args, **kwargs)
           ^^^^^^^^^^^^^^^^^^^^^
  File "C:\Users\Jorge\gestao_ocorrencias\venv\Lib\site-packages\psycopg\server_cursor.py", line 320, in fetchmany
    recs = self._conn.wait(self._fetch_gen(size))
           ^^^^^^^^^^^^^^^^^^^^^^^^^^^^^^^^^^^^^^
  File "C:\Users\Jorge\gestao_ocorrencias\venv\Lib\site-packages\psycopg\connection.py", line 407, in wait
    return waiting.wait(gen, self.pgconn.socket, interval=interval)
           ^^^^^^^^^^^^^^^^^^^^^^^^^^^^^^^^^^^^^^^^^^^^^^^^^^^^^^^^
  File "C:\Users\Jorge\gestao_ocorrencias\venv\Lib\site-packages\psycopg\waiting.py", line 256, in wait_select
    s = gen.send(ready)
        ^^^^^^^^^^^^^^^
  File "C:\Users\Jorge\gestao_ocorrencias\venv\Lib\site-packages\psycopg\server_cursor.py", line 174, in _fetch_gen
    res = yield from self._conn._exec_command(query, result_format=self._format)
          ^^^^^^^^^^^^^^^^^^^^^^^^^^^^^^^^^^^^^^^^^^^^^^^^^^^^^^^^^^^^^^^^^^^^^^
  File "C:\Users\Jorge\gestao_ocorrencias\venv\Lib\site-packages\psycopg\_connection_base.py", line 479, in _exec_command
    raise e.error_from_result(result, encoding=self.pgconn._encoding)
psycopg.errors.InvalidCursorName: cursor "_django_curs_19960_sync_1" does not exist

The above exception was the direct cause of the following exception:

Traceback (most recent call last):
  File "C:\Users\Jorge\gestao_ocorrencias\venv\Lib\site-packages\django\db\models\sql\compiler.py", line 2112, in cursor_iter
    for rows in iter((lambda: cursor.fetchmany(itersize)), sentinel):
                ^^^^^^^^^^^^^^^^^^^^^^^^^^^^^^^^^^^^^^^^^^^^^^^^^^^^
  File "C:\Users\Jorge\gestao_ocorrencias\venv\Lib\site-packages\django\db\models\sql\compiler.py", line 2112, in <lambda>
    for rows in iter((lambda: cursor.fetchmany(itersize)), sentinel):
                              ^^^^^^^^^^^^^^^^^^^^^^^^^^
  File "C:\Users\Jorge\gestao_ocorrencias\venv\Lib\site-packages\django\db\utils.py", line 97, in inner
    with self:
         ^^^^
  File "C:\Users\Jorge\gestao_ocorrencias\venv\Lib\site-packages\django\db\utils.py", line 91, in __exit__
    raise dj_exc_value.with_traceback(traceback) from exc_value
  File "C:\Users\Jorge\gestao_ocorrencias\venv\Lib\site-packages\django\db\utils.py", line 98, in inner
    return func(*args, **kwargs)
           ^^^^^^^^^^^^^^^^^^^^^
  File "C:\Users\Jorge\gestao_ocorrencias\venv\Lib\site-packages\psycopg\server_cursor.py", line 320, in fetchmany
    recs = self._conn.wait(self._fetch_gen(size))
           ^^^^^^^^^^^^^^^^^^^^^^^^^^^^^^^^^^^^^^
  File "C:\Users\Jorge\gestao_ocorrencias\venv\Lib\site-packages\psycopg\connection.py", line 407, in wait
    return waiting.wait(gen, self.pgconn.socket, interval=interval)
           ^^^^^^^^^^^^^^^^^^^^^^^^^^^^^^^^^^^^^^^^^^^^^^^^^^^^^^^^
  File "C:\Users\Jorge\gestao_ocorrencias\venv\Lib\site-packages\psycopg\waiting.py", line 256, in wait_select
    s = gen.send(ready)
        ^^^^^^^^^^^^^^^
  File "C:\Users\Jorge\gestao_ocorrencias\venv\Lib\site-packages\psycopg\server_cursor.py", line 174, in _fetch_gen
    res = yield from self._conn._exec_command(query, result_format=self._format)
          ^^^^^^^^^^^^^^^^^^^^^^^^^^^^^^^^^^^^^^^^^^^^^^^^^^^^^^^^^^^^^^^^^^^^^^
  File "C:\Users\Jorge\gestao_ocorrencias\venv\Lib\site-packages\psycopg\_connection_base.py", line 479, in _exec_command
    raise e.error_from_result(result, encoding=self.pgconn._encoding)
django.db.utils.ProgrammingError: cursor "_django_curs_19960_sync_1" does not exist

During handling of the above exception, another exception occurred:

Traceback (most recent call last):
  File "C:\Users\Jorge\gestao_ocorrencias\venv\Lib\site-packages\django\core\handlers\exception.py", line 55, in inner
    response = get_response(request)
               ^^^^^^^^^^^^^^^^^^^^^
  File "C:\Users\Jorge\gestao_ocorrencias\venv\Lib\site-packages\django\core\handlers\base.py", line 197, in _get_response
    response = wrapped_callback(request, *callback_args, **callback_kwargs)
               ^^^^^^^^^^^^^^^^^^^^^^^^^^^^^^^^^^^^^^^^^^^^^^^^^^^^^^^^^^^^
  File "C:\Users\Jorge\gestao_ocorrencias\venv\Lib\site-packages\django\contrib\auth\decorators.py", line 60, in _view_wrapper
    return view_func(request, *args, **kwargs)
           ^^^^^^^^^^^^^^^^^^^^^^^^^^^^^^^^^^^
  File "C:\Users\Jorge\gestao_ocorrencias\planos_acao\views.py", line 59, in criar_plano
    return render(request, "planos_acao/criar_plano.html", {"form": form})
           ^^^^^^^^^^^^^^^^^^^^^^^^^^^^^^^^^^^^^^^^^^^^^^^^^^^^^^^^^^^^^^^
  File "C:\Users\Jorge\gestao_ocorrencias\venv\Lib\site-packages\django\shortcuts.py", line 25, in render
    content = loader.render_to_string(template_name, context, request, using=using)
              ^^^^^^^^^^^^^^^^^^^^^^^^^^^^^^^^^^^^^^^^^^^^^^^^^^^^^^^^^^^^^^^^^^^^^
  File "C:\Users\Jorge\gestao_ocorrencias\venv\Lib\site-packages\django\template\loader.py", line 62, in render_to_string
    return template.render(context, request)
           ^^^^^^^^^^^^^^^^^^^^^^^^^^^^^^^^^
  File "C:\Users\Jorge\gestao_ocorrencias\venv\Lib\site-packages\django\template\backends\django.py", line 107, in render
    return self.template.render(context)
           ^^^^^^^^^^^^^^^^^^^^^^^^^^^^^
  File "C:\Users\Jorge\gestao_ocorrencias\venv\Lib\site-packages\django\template\base.py", line 171, in render
    return self._render(context)
           ^^^^^^^^^^^^^^^^^^^^^
  File "C:\Users\Jorge\gestao_ocorrencias\venv\Lib\site-packages\django\template\base.py", line 163, in _render
    return self.nodelist.render(context)
           ^^^^^^^^^^^^^^^^^^^^^^^^^^^^^
  File "C:\Users\Jorge\gestao_ocorrencias\venv\Lib\site-packages\django\template\base.py", line 1008, in render
    return SafeString("".join([node.render_annotated(context) for node in self]))
                               ^^^^^^^^^^^^^^^^^^^^^^^^^^^^^^
  File "C:\Users\Jorge\gestao_ocorrencias\venv\Lib\site-packages\django\template\base.py", line 969, in render_annotated
    return self.render(context)
           ^^^^^^^^^^^^^^^^^^^^
  File "C:\Users\Jorge\gestao_ocorrencias\venv\Lib\site-packages\django\template\loader_tags.py", line 159, in render
    return compiled_parent._render(context)
           ^^^^^^^^^^^^^^^^^^^^^^^^^^^^^^^^
  File "C:\Users\Jorge\gestao_ocorrencias\venv\Lib\site-packages\django\template\base.py", line 163, in _render
    return self.nodelist.render(context)
           ^^^^^^^^^^^^^^^^^^^^^^^^^^^^^
  File "C:\Users\Jorge\gestao_ocorrencias\venv\Lib\site-packages\django\template\base.py", line 1008, in render
    return SafeString("".join([node.render_annotated(context) for node in self]))
                               ^^^^^^^^^^^^^^^^^^^^^^^^^^^^^^
  File "C:\Users\Jorge\gestao_ocorrencias\venv\Lib\site-packages\django\template\base.py", line 969, in render_annotated
    return self.render(context)
           ^^^^^^^^^^^^^^^^^^^^
  File "C:\Users\Jorge\gestao_ocorrencias\venv\Lib\site-packages\django\template\loader_tags.py", line 65, in render
    result = block.nodelist.render(context)
             ^^^^^^^^^^^^^^^^^^^^^^^^^^^^^^
  File "C:\Users\Jorge\gestao_ocorrencias\venv\Lib\site-packages\django\template\base.py", line 1008, in render
    return SafeString("".join([node.render_annotated(context) for node in self]))
                               ^^^^^^^^^^^^^^^^^^^^^^^^^^^^^^
  File "C:\Users\Jorge\gestao_ocorrencias\venv\Lib\site-packages\django\template\base.py", line 969, in render_annotated
    return self.render(context)
           ^^^^^^^^^^^^^^^^^^^^
  File "C:\Users\Jorge\gestao_ocorrencias\venv\Lib\site-packages\django\template\base.py", line 1073, in render
    return render_value_in_context(output, context)
           ^^^^^^^^^^^^^^^^^^^^^^^^^^^^^^^^^^^^^^^^
  File "C:\Users\Jorge\gestao_ocorrencias\venv\Lib\site-packages\django\template\base.py", line 1050, in render_value_in_context
    value = str(value)
            ^^^^^^^^^^
  File "C:\Users\Jorge\gestao_ocorrencias\venv\Lib\site-packages\django\forms\utils.py", line 79, in __str__
    return self.as_widget()
           ^^^^^^^^^^^^^^^^
  File "C:\Users\Jorge\gestao_ocorrencias\venv\Lib\site-packages\django\forms\boundfield.py", line 108, in as_widget
    return widget.render(
           ^^^^^^^^^^^^^^
  File "C:\Users\Jorge\gestao_ocorrencias\venv\Lib\site-packages\django\forms\widgets.py", line 278, in render
    context = self.get_context(name, value, attrs)
              ^^^^^^^^^^^^^^^^^^^^^^^^^^^^^^^^^^^^
  File "C:\Users\Jorge\gestao_ocorrencias\venv\Lib\site-packages\django\forms\widgets.py", line 764, in get_context
    context = super().get_context(name, value, attrs)
              ^^^^^^^^^^^^^^^^^^^^^^^^^^^^^^^^^^^^^^^
  File "C:\Users\Jorge\gestao_ocorrencias\venv\Lib\site-packages\django\forms\widgets.py", line 715, in get_context
    context["widget"]["optgroups"] = self.optgroups(
                                     ^^^^^^^^^^^^^^^
  File "C:\Users\Jorge\gestao_ocorrencias\venv\Lib\site-packages\django\forms\widgets.py", line 655, in optgroups
    for index, (option_value, option_label) in enumerate(self.choices):
                                               ^^^^^^^^^^^^^^^^^^^^^^^
  File "C:\Users\Jorge\gestao_ocorrencias\venv\Lib\site-packages\django\forms\models.py", line 1424, in __iter__
    for obj in queryset:
               ^^^^^^^^
  File "C:\Users\Jorge\gestao_ocorrencias\venv\Lib\site-packages\django\db\models\query.py", line 518, in _iterator
    yield from iterable
  File "C:\Users\Jorge\gestao_ocorrencias\venv\Lib\site-packages\django\db\models\query.py", line 123, in __iter__
    for row in compiler.results_iter(results):
               ^^^^^^^^^^^^^^^^^^^^^^^^^^^^^^
  File "C:\Users\Jorge\gestao_ocorrencias\venv\Lib\site-packages\django\db\models\sql\compiler.py", line 1508, in apply_converters
    for row in map(list, rows):
               ^^^^^^^^^^^^^^^
  File "C:\Users\Jorge\gestao_ocorrencias\venv\Lib\site-packages\django\db\models\sql\compiler.py", line 2115, in cursor_iter
    cursor.close()
  File "C:\Users\Jorge\gestao_ocorrencias\venv\Lib\site-packages\psycopg\server_cursor.py", line 268, in close
    self._conn.wait(self._close_gen())
  File "C:\Users\Jorge\gestao_ocorrencias\venv\Lib\site-packages\psycopg\connection.py", line 407, in wait
    return waiting.wait(gen, self.pgconn.socket, interval=interval)
           ^^^^^^^^^^^^^^^^^^^^^^^^^^^^^^^^^^^^^^^^^^^^^^^^^^^^^^^^
  File "C:\Users\Jorge\gestao_ocorrencias\venv\Lib\site-packages\psycopg\waiting.py", line 256, in wait_select
    s = gen.send(ready)
        ^^^^^^^^^^^^^^^
  File "C:\Users\Jorge\gestao_ocorrencias\venv\Lib\site-packages\psycopg\server_cursor.py", line 160, in _close_gen
    yield from self._conn._exec_command(query)
  File "C:\Users\Jorge\gestao_ocorrencias\venv\Lib\site-packages\psycopg\_connection_base.py", line 479, in _exec_command
    raise e.error_from_result(result, encoding=self.pgconn._encoding)
psycopg.errors.InvalidCursorName: cursor "_django_curs_19960_sync_1" does not exist
[ERROR] 2025-03-22 01:02:10,887 basehttp "GET /planos/criar/ HTTP/1.1" 500 145
[INFO] 2025-03-22 01:02:27,268 basehttp "GET /planos/criar/ HTTP/1.1" 200 10256
[INFO] 2025-03-22 01:02:51,224 basehttp "GET /planos/ HTTP/1.1" 200 7039
[INFO] 2025-03-22 01:03:13,498 basehttp "GET /planos/criar/ HTTP/1.1" 200 10256
[INFO] 2025-03-22 01:03:22,016 basehttp "GET /planos/ HTTP/1.1" 200 7039
[INFO] 2025-03-22 01:04:08,141 basehttp "GET / HTTP/1.1" 200 39661
[INFO] 2025-03-22 01:04:52,067 autoreload C:\Users\Jorge\gestao_ocorrencias\planos_acao\views.py changed, reloading.
[INFO] 2025-03-22 01:04:53,599 autoreload Watching for file changes with StatReloader
[INFO] 2025-03-22 01:05:06,653 autoreload C:\Users\Jorge\gestao_ocorrencias\planos_acao\urls.py changed, reloading.
[INFO] 2025-03-22 01:05:07,972 autoreload Watching for file changes with StatReloader
[INFO] 2025-03-22 01:06:09,863 autoreload C:\Users\Jorge\gestao_ocorrencias\planos_acao\urls.py changed, reloading.
[INFO] 2025-03-22 01:06:11,361 autoreload Watching for file changes with StatReloader
[INFO] 2025-03-22 01:06:29,658 basehttp "GET /planos/criar/ HTTP/1.1" 200 10256
[INFO] 2025-03-22 01:06:35,596 basehttp "GET /planos/ HTTP/1.1" 200 7039
[INFO] 2025-03-22 01:06:51,355 basehttp "GET /planos/editar/1/ HTTP/1.1" 200 9983
[INFO] 2025-03-22 01:07:05,208 basehttp "POST /planos/editar/1/ HTTP/1.1" 302 0
[INFO] 2025-03-22 01:07:07,320 basehttp "GET /planos/ HTTP/1.1" 200 7036
[INFO] 2025-03-22 01:07:31,352 basehttp "GET /planos/criar/ HTTP/1.1" 200 10256
[INFO] 2025-03-22 01:07:54,929 basehttp "GET /planos/ HTTP/1.1" 200 7036
[INFO] 2025-03-22 01:08:34,790 basehttp "GET /planos/editar/1/ HTTP/1.1" 200 9983
[INFO] 2025-03-22 01:08:40,335 basehttp "GET /planos/ HTTP/1.1" 200 7036
[INFO] 2025-03-22 01:11:41,942 basehttp "GET /planos/criar/ HTTP/1.1" 200 10256
[INFO] 2025-03-22 01:12:15,498 basehttp "GET /planos/ HTTP/1.1" 200 8203
[INFO] 2025-03-22 01:13:53,649 basehttp "GET /planos/editar/1/ HTTP/1.1" 200 9983
[INFO] 2025-03-22 01:19:19,081 basehttp "GET /planos/ HTTP/1.1" 200 7144
[INFO] 2025-03-22 01:19:38,704 basehttp "GET /planos/criar/ HTTP/1.1" 200 10256
[INFO] 2025-03-22 01:19:43,259 basehttp "GET /planos/ HTTP/1.1" 200 7144
[INFO] 2025-03-22 01:19:54,909 basehttp "GET /planos/detalhar/1/ HTTP/1.1" 200 5884
[INFO] 2025-03-22 01:20:02,598 basehttp "GET /planos/ HTTP/1.1" 200 7144
[INFO] 2025-03-22 01:23:11,203 basehttp "GET /planos/ HTTP/1.1" 200 7144
[INFO] 2025-03-22 01:24:55,699 basehttp "GET /planos/ HTTP/1.1" 200 7144
[INFO] 2025-03-22 01:25:15,393 autoreload C:\Users\Jorge\gestao_ocorrencias\planos_acao\views.py changed, reloading.
[INFO] 2025-03-22 01:25:16,768 autoreload Watching for file changes with StatReloader
[INFO] 2025-03-22 01:25:33,730 basehttp - Broken pipe from ('127.0.0.1', 51100)
[INFO] 2025-03-22 01:25:36,982 basehttp "GET / HTTP/1.1" 200 39661
[INFO] 2025-03-22 01:27:30,341 basehttp "GET /planos/ HTTP/1.1" 200 8203
[INFO] 2025-03-22 01:27:49,425 basehttp "GET /planos/ HTTP/1.1" 200 7245
[INFO] 2025-03-22 01:28:07,865 basehttp "GET /planos/criar/ HTTP/1.1" 200 10256
[INFO] 2025-03-22 01:28:12,831 basehttp "GET /planos/ HTTP/1.1" 200 8203
[INFO] 2025-03-22 01:30:21,414 basehttp "GET /planos/ HTTP/1.1" 200 7795
[INFO] 2025-03-22 01:30:32,505 basehttp "GET /planos/?status=Em+andamento HTTP/1.1" 200 6700
[INFO] 2025-03-22 01:30:37,337 basehttp "GET /planos/?status= HTTP/1.1" 200 7795
[INFO] 2025-03-22 01:31:43,597 basehttp "GET /planos/?status= HTTP/1.1" 200 7795
[INFO] 2025-03-22 01:33:19,504 basehttp "GET /planos/?status= HTTP/1.1" 200 8203
[INFO] 2025-03-22 01:33:32,968 basehttp "GET /planos/?status= HTTP/1.1" 200 7037
[INFO] 2025-03-22 01:33:45,252 basehttp "GET /planos/?responsavel=&status=Em+andamento&data_inicio=&data_fim= HTTP/1.1" 200 6626
[INFO] 2025-03-22 01:36:54,940 basehttp "GET /planos/?status= HTTP/1.1" 200 7123
[INFO] 2025-03-22 01:37:13,970 basehttp "GET /planos/editar/1/ HTTP/1.1" 200 9983
[INFO] 2025-03-22 01:37:28,625 basehttp "POST /planos/editar/1/ HTTP/1.1" 302 0
[INFO] 2025-03-22 01:37:30,755 basehttp "GET /planos/ HTTP/1.1" 200 7119
[INFO] 2025-03-22 01:37:52,492 basehttp "GET /planos/editar/1/ HTTP/1.1" 200 9983
[INFO] 2025-03-22 01:38:43,935 basehttp "POST /planos/editar/1/ HTTP/1.1" 302 0
[INFO] 2025-03-22 01:38:45,952 basehttp "GET /planos/ HTTP/1.1" 200 7120
[INFO] 2025-03-22 01:39:30,670 basehttp "GET /planos/ HTTP/1.1" 200 7162
[INFO] 2025-03-22 01:39:47,284 basehttp "GET /planos/editar/1/ HTTP/1.1" 200 9983
[INFO] 2025-03-22 01:39:59,443 autoreload C:\Users\Jorge\gestao_ocorrencias\planos_acao\forms.py changed, reloading.
[INFO] 2025-03-22 01:40:00,910 autoreload Watching for file changes with StatReloader
[INFO] 2025-03-22 01:40:16,610 basehttp "POST /planos/editar/1/ HTTP/1.1" 200 7381
[INFO] 2025-03-22 01:40:25,558 basehttp "POST /planos/editar/1/ HTTP/1.1" 302 0
[INFO] 2025-03-22 01:40:27,616 basehttp "GET /planos/ HTTP/1.1" 200 7118
[INFO] 2025-03-22 01:40:40,575 basehttp "GET /planos/editar/1/ HTTP/1.1" 200 7263
[INFO] 2025-03-22 01:40:52,839 basehttp "POST /planos/editar/1/ HTTP/1.1" 302 0
[INFO] 2025-03-22 01:40:54,896 basehttp "GET /planos/ HTTP/1.1" 200 7154
[INFO] 2025-03-22 01:41:33,490 basehttp "GET /planos/criar/ HTTP/1.1" 200 7536
[INFO] 2025-03-22 01:42:33,959 basehttp "POST /planos/criar/ HTTP/1.1" 302 0
[INFO] 2025-03-22 01:42:36,482 basehttp "GET /planos/ HTTP/1.1" 200 7811
[INFO] 2025-03-22 01:44:32,999 basehttp "GET /planos/ HTTP/1.1" 200 8171
[INFO] 2025-03-22 01:44:45,288 basehttp "GET /planos/criar/ HTTP/1.1" 200 7536
[INFO] 2025-03-22 01:45:03,840 basehttp "GET /planos/ HTTP/1.1" 200 8171
[INFO] 2025-03-22 01:47:03,334 autoreload C:\Users\Jorge\gestao_ocorrencias\planos_acao\forms.py changed, reloading.
[INFO] 2025-03-22 01:47:04,799 autoreload Watching for file changes with StatReloader
[INFO] 2025-03-22 01:47:16,330 basehttp "GET /planos/criar/ HTTP/1.1" 200 7523
[INFO] 2025-03-22 01:47:42,397 autoreload C:\Users\Jorge\gestao_ocorrencias\planos_acao\forms.py changed, reloading.
[INFO] 2025-03-22 01:47:44,054 autoreload Watching for file changes with StatReloader
[INFO] 2025-03-22 01:47:51,310 basehttp "GET /planos/criar/ HTTP/1.1" 200 7524
[INFO] 2025-03-22 01:48:39,113 basehttp "POST /planos/criar/ HTTP/1.1" 200 7646
[INFO] 2025-03-22 01:48:56,163 basehttp "POST /planos/criar/ HTTP/1.1" 200 7646
[INFO] 2025-03-22 01:49:05,663 basehttp "GET /planos/ HTTP/1.1" 200 8171
[INFO] 2025-03-22 01:49:12,251 basehttp "GET /planos/criar/ HTTP/1.1" 200 7524
[INFO] 2025-03-22 01:50:03,646 basehttp "POST /planos/criar/ HTTP/1.1" 200 7672
[INFO] 2025-03-22 01:50:20,292 basehttp "POST /planos/criar/ HTTP/1.1" 302 0
[INFO] 2025-03-22 01:50:23,364 basehttp "GET /planos/ HTTP/1.1" 200 9049
[INFO] 2025-03-22 01:53:08,591 basehttp "GET /planos/criar/ HTTP/1.1" 200 7524
[INFO] 2025-03-22 01:54:39,638 autoreload C:\Users\Jorge\gestao_ocorrencias\planos_acao\forms.py changed, reloading.
[INFO] 2025-03-22 01:54:41,000 autoreload Watching for file changes with StatReloader
[INFO] 2025-03-22 01:55:20,257 autoreload C:\Users\Jorge\gestao_ocorrencias\planos_acao\views.py changed, reloading.
[INFO] 2025-03-22 01:55:21,667 autoreload Watching for file changes with StatReloader
[INFO] 2025-03-22 01:55:39,800 basehttp "GET /planos/criar/ HTTP/1.1" 200 7935
[INFO] 2025-03-22 01:55:52,420 basehttp "GET /planos/ HTTP/1.1" 200 9049
[INFO] 2025-03-22 01:56:00,911 basehttp "GET /planos/criar/ HTTP/1.1" 200 7935
[INFO] 2025-03-22 01:58:10,953 autoreload C:\Users\Jorge\gestao_ocorrencias\planos_acao\forms.py changed, reloading.
[INFO] 2025-03-22 01:58:12,391 autoreload Watching for file changes with StatReloader
[INFO] 2025-03-22 01:58:45,263 autoreload C:\Users\Jorge\gestao_ocorrencias\planos_acao\views.py changed, reloading.
[INFO] 2025-03-22 01:58:46,707 autoreload Watching for file changes with StatReloader
[INFO] 2025-03-22 01:58:51,433 autoreload C:\Users\Jorge\gestao_ocorrencias\planos_acao\views.py changed, reloading.
[INFO] 2025-03-22 01:58:52,783 autoreload Watching for file changes with StatReloader
[INFO] 2025-03-22 01:59:47,845 autoreload C:\Users\Jorge\gestao_ocorrencias\planos_acao\forms.py changed, reloading.
[INFO] 2025-03-22 01:59:49,252 autoreload Watching for file changes with StatReloader
[INFO] 2025-03-22 02:00:04,386 basehttp "GET /planos/criar/ HTTP/1.1" 200 8477
[INFO] 2025-03-22 02:00:14,898 basehttp "GET /planos/ HTTP/1.1" 200 9049
[INFO] 2025-03-22 02:00:22,483 basehttp "GET /planos/?responsavel=&status=Em+andamento&data_inicio=&data_fim= HTTP/1.1" 200 6625
[INFO] 2025-03-22 02:00:29,538 basehttp "GET /planos/?responsavel=&status=Em+andamento&data_inicio=&data_fim= HTTP/1.1" 200 6625
[INFO] 2025-03-22 02:00:39,706 basehttp "GET /planos/?responsavel=&status=Pendente&data_inicio=&data_fim= HTTP/1.1" 200 6625
[INFO] 2025-03-22 02:01:09,863 basehttp "GET /planos/?responsavel=&status=&data_inicio=&data_fim= HTTP/1.1" 200 9049
[INFO] 2025-03-22 02:01:14,700 basehttp "GET /planos/?responsavel=&status=Pendente&data_inicio=&data_fim= HTTP/1.1" 200 6625
[INFO] 2025-03-22 02:01:18,977 basehttp "GET /planos/?responsavel=&status=Em+andamento&data_inicio=&data_fim= HTTP/1.1" 200 6625
[INFO] 2025-03-22 02:01:25,472 basehttp "GET /planos/?responsavel=&status=Conclu%C3%ADdo&data_inicio=&data_fim= HTTP/1.1" 200 6625
[INFO] 2025-03-22 02:02:40,334 basehttp "GET /planos/criar/ HTTP/1.1" 200 8477
[INFO] 2025-03-22 02:03:04,526 basehttp - Broken pipe from ('127.0.0.1', 52193)
[INFO] 2025-03-22 02:03:07,360 basehttp "GET /planos/ HTTP/1.1" 200 9049
[INFO] 2025-03-22 02:03:16,493 basehttp "GET /planos/?responsavel=Jorge&status=&data_inicio=&data_fim= HTTP/1.1" 200 7349
[INFO] 2025-03-22 02:03:27,579 basehttp "GET /planos/?responsavel=&status=&data_inicio=&data_fim= HTTP/1.1" 200 9049
[INFO] 2025-03-22 02:03:34,677 basehttp "GET /planos/?responsavel=&status=&data_inicio=2025-03-21&data_fim= HTTP/1.1" 200 9049
[INFO] 2025-03-22 02:03:42,367 basehttp "GET /planos/editar/1/ HTTP/1.1" 200 7517
[INFO] 2025-03-22 02:04:34,409 basehttp "POST /planos/editar/1/ HTTP/1.1" 200 7633
[INFO] 2025-03-22 02:04:52,253 basehttp "POST /planos/editar/1/ HTTP/1.1" 200 7633
[INFO] 2025-03-22 02:05:02,493 basehttp "POST /planos/editar/1/ HTTP/1.1" 302 0
[INFO] 2025-03-22 02:05:05,589 basehttp "GET /planos/ HTTP/1.1" 200 9056
[INFO] 2025-03-22 02:05:14,007 basehttp "GET /planos/criar/ HTTP/1.1" 200 8477
[INFO] 2025-03-22 02:05:48,729 basehttp "POST /planos/criar/ HTTP/1.1" 200 8581
[INFO] 2025-03-22 02:05:56,435 basehttp "POST /planos/criar/ HTTP/1.1" 200 8581
[INFO] 2025-03-22 02:07:38,395 basehttp "POST /planos/criar/ HTTP/1.1" 302 0
[INFO] 2025-03-22 02:07:42,228 basehttp "GET /planos/ HTTP/1.1" 200 9941
[INFO] 2025-03-22 02:09:23,076 basehttp "GET /planos/ HTTP/1.1" 200 9931
[INFO] 2025-03-22 02:09:28,959 autoreload C:\Users\Jorge\gestao_ocorrencias\planos_acao\forms.py changed, reloading.
[INFO] 2025-03-22 02:09:30,513 autoreload Watching for file changes with StatReloader
[INFO] 2025-03-22 02:09:38,022 basehttp "GET /planos/ HTTP/1.1" 200 9931
[INFO] 2025-03-22 02:09:46,087 basehttp "GET /planos/?responsavel=&status=Em+andamento&data_inicio=&data_fim= HTTP/1.1" 200 6663
[INFO] 2025-03-22 02:09:53,797 basehttp "GET /planos/?responsavel=&status=Conclu%C3%ADdo&data_inicio=&data_fim= HTTP/1.1" 200 6663
[INFO] 2025-03-22 02:10:01,014 basehttp "GET /planos/?responsavel=&status=&data_inicio=&data_fim= HTTP/1.1" 200 9931
[INFO] 2025-03-22 02:10:08,219 basehttp "GET /planos/?responsavel=&status=&data_inicio=2025-03-21&data_fim=2025-03-21 HTTP/1.1" 200 7403
[INFO] 2025-03-22 02:10:26,295 basehttp "GET /planos/?responsavel=&status=&data_inicio=&data_fim= HTTP/1.1" 200 9931
[INFO] 2025-03-22 02:11:54,214 basehttp "GET /planos/editar/2/ HTTP/1.1" 200 7516
[INFO] 2025-03-22 02:12:07,338 basehttp "POST /planos/editar/2/ HTTP/1.1" 302 0
[INFO] 2025-03-22 02:12:11,173 basehttp "GET /planos/ HTTP/1.1" 200 9924
[INFO] 2025-03-22 02:12:17,670 basehttp "GET /planos/editar/3/ HTTP/1.1" 200 7566
[INFO] 2025-03-22 02:12:29,882 basehttp "POST /planos/editar/3/ HTTP/1.1" 302 0
[INFO] 2025-03-22 02:12:33,309 basehttp "GET /planos/ HTTP/1.1" 200 9920
[INFO] 2025-03-22 02:13:54,711 autoreload C:\Users\Jorge\gestao_ocorrencias\planos_acao\views.py changed, reloading.
[INFO] 2025-03-22 02:13:56,148 autoreload Watching for file changes with StatReloader
[INFO] 2025-03-22 02:14:52,828 basehttp "GET /planos/ HTTP/1.1" 200 9920
[INFO] 2025-03-22 02:14:58,909 basehttp "GET /planos/?responsavel=&status=Em+andamento&data_inicio=&data_fim= HTTP/1.1" 200 6663
[INFO] 2025-03-22 02:15:24,300 autoreload C:\Users\Jorge\gestao_ocorrencias\planos_acao\forms.py changed, reloading.
[INFO] 2025-03-22 02:15:25,690 autoreload Watching for file changes with StatReloader
[INFO] 2025-03-22 02:15:33,843 basehttp "GET /planos/?responsavel=&status=Pendente&data_inicio=&data_fim= HTTP/1.1" 200 6663
[INFO] 2025-03-22 02:15:42,966 basehttp "GET /planos/?responsavel=&status=&data_inicio=&data_fim= HTTP/1.1" 200 9920
[INFO] 2025-03-22 02:15:53,186 basehttp "GET /planos/?responsavel=Jorge&status=&data_inicio=&data_fim= HTTP/1.1" 200 7380
[INFO] 2025-03-22 02:16:01,386 basehttp "GET /planos/?responsavel=&status=&data_inicio=&data_fim= HTTP/1.1" 200 9920
[INFO] 2025-03-22 02:17:45,626 basehttp "GET /planos/criar/ HTTP/1.1" 200 7936
[INFO] 2025-03-22 02:18:06,840 basehttp "POST /planos/criar/ HTTP/1.1" 200 7994
[INFO] 2025-03-22 02:18:20,863 basehttp "POST /planos/criar/ HTTP/1.1" 200 7582
[INFO] 2025-03-22 02:18:29,323 basehttp "POST /planos/criar/ HTTP/1.1" 200 7582
[INFO] 2025-03-22 02:18:35,395 basehttp "POST /planos/criar/ HTTP/1.1" 200 7582
[ERROR] 2025-03-22 02:18:45,967 log Internal Server Error: /planos/criar/
Traceback (most recent call last):
  File "C:\Users\Jorge\gestao_ocorrencias\venv\Lib\site-packages\django\core\handlers\exception.py", line 55, in inner
    response = get_response(request)
               ^^^^^^^^^^^^^^^^^^^^^
  File "C:\Users\Jorge\gestao_ocorrencias\venv\Lib\site-packages\django\core\handlers\base.py", line 197, in _get_response
    response = wrapped_callback(request, *callback_args, **callback_kwargs)
               ^^^^^^^^^^^^^^^^^^^^^^^^^^^^^^^^^^^^^^^^^^^^^^^^^^^^^^^^^^^^
  File "C:\Users\Jorge\gestao_ocorrencias\venv\Lib\site-packages\django\contrib\auth\decorators.py", line 60, in _view_wrapper
    return view_func(request, *args, **kwargs)
           ^^^^^^^^^^^^^^^^^^^^^^^^^^^^^^^^^^^
  File "C:\Users\Jorge\gestao_ocorrencias\planos_acao\views.py", line 69, in criar_plano
    return render(request, "planos_acao/criar_plano.html", {"form": form})
           ^^^^^^^^^^^^^^^^^^^^^^^^^^^^^^^^^^^^^^^^^^^^^^^^^^^^^^^^^^^^^^^
  File "C:\Users\Jorge\gestao_ocorrencias\venv\Lib\site-packages\django\shortcuts.py", line 25, in render
    content = loader.render_to_string(template_name, context, request, using=using)
              ^^^^^^^^^^^^^^^^^^^^^^^^^^^^^^^^^^^^^^^^^^^^^^^^^^^^^^^^^^^^^^^^^^^^^
  File "C:\Users\Jorge\gestao_ocorrencias\venv\Lib\site-packages\django\template\loader.py", line 61, in render_to_string
    template = get_template(template_name, using=using)
               ^^^^^^^^^^^^^^^^^^^^^^^^^^^^^^^^^^^^^^^^
  File "C:\Users\Jorge\gestao_ocorrencias\venv\Lib\site-packages\django\template\loader.py", line 15, in get_template
    return engine.get_template(template_name)
           ^^^^^^^^^^^^^^^^^^^^^^^^^^^^^^^^^^
  File "C:\Users\Jorge\gestao_ocorrencias\venv\Lib\site-packages\django\template\backends\django.py", line 79, in get_template
    return Template(self.engine.get_template(template_name), self)
                    ^^^^^^^^^^^^^^^^^^^^^^^^^^^^^^^^^^^^^^^
  File "C:\Users\Jorge\gestao_ocorrencias\venv\Lib\site-packages\django\template\engine.py", line 177, in get_template
    template, origin = self.find_template(template_name)
                       ^^^^^^^^^^^^^^^^^^^^^^^^^^^^^^^^^
  File "C:\Users\Jorge\gestao_ocorrencias\venv\Lib\site-packages\django\template\engine.py", line 159, in find_template
    template = loader.get_template(name, skip=skip)
               ^^^^^^^^^^^^^^^^^^^^^^^^^^^^^^^^^^^^
  File "C:\Users\Jorge\gestao_ocorrencias\venv\Lib\site-packages\django\template\loaders\cached.py", line 57, in get_template
    template = super().get_template(template_name, skip)
               ^^^^^^^^^^^^^^^^^^^^^^^^^^^^^^^^^^^^^^^^^
  File "C:\Users\Jorge\gestao_ocorrencias\venv\Lib\site-packages\django\template\loaders\base.py", line 28, in get_template
    return Template(
           ^^^^^^^^^
  File "C:\Users\Jorge\gestao_ocorrencias\venv\Lib\site-packages\django\template\base.py", line 154, in __init__
    self.nodelist = self.compile_nodelist()
                    ^^^^^^^^^^^^^^^^^^^^^^^
  File "C:\Users\Jorge\gestao_ocorrencias\venv\Lib\site-packages\django\template\base.py", line 196, in compile_nodelist
    nodelist = parser.parse()
               ^^^^^^^^^^^^^^
  File "C:\Users\Jorge\gestao_ocorrencias\venv\Lib\site-packages\django\template\base.py", line 518, in parse
    raise self.error(token, e)
  File "C:\Users\Jorge\gestao_ocorrencias\venv\Lib\site-packages\django\template\base.py", line 516, in parse
    compiled_result = compile_func(self, token)
                      ^^^^^^^^^^^^^^^^^^^^^^^^^
  File "C:\Users\Jorge\gestao_ocorrencias\venv\Lib\site-packages\django\template\loader_tags.py", line 295, in do_extends
    nodelist = parser.parse()
               ^^^^^^^^^^^^^^
  File "C:\Users\Jorge\gestao_ocorrencias\venv\Lib\site-packages\django\template\base.py", line 518, in parse
    raise self.error(token, e)
  File "C:\Users\Jorge\gestao_ocorrencias\venv\Lib\site-packages\django\template\base.py", line 516, in parse
    compiled_result = compile_func(self, token)
                      ^^^^^^^^^^^^^^^^^^^^^^^^^
  File "C:\Users\Jorge\gestao_ocorrencias\venv\Lib\site-packages\django\template\loader_tags.py", line 234, in do_block
    nodelist = parser.parse(("endblock",))
               ^^^^^^^^^^^^^^^^^^^^^^^^^^^
  File "C:\Users\Jorge\gestao_ocorrencias\venv\Lib\site-packages\django\template\base.py", line 489, in parse
    raise self.error(token, e)
  File "C:\Users\Jorge\gestao_ocorrencias\venv\Lib\site-packages\django\template\base.py", line 487, in parse
    filter_expression = self.compile_filter(token.contents)
                        ^^^^^^^^^^^^^^^^^^^^^^^^^^^^^^^^^^^
  File "C:\Users\Jorge\gestao_ocorrencias\venv\Lib\site-packages\django\template\base.py", line 605, in compile_filter
    return FilterExpression(token, self)
           ^^^^^^^^^^^^^^^^^^^^^^^^^^^^^
  File "C:\Users\Jorge\gestao_ocorrencias\venv\Lib\site-packages\django\template\base.py", line 706, in __init__
    raise TemplateSyntaxError(
django.template.exceptions.TemplateSyntaxError: Could not parse the remainder: '(attrs={'class': 'form-select'})' from 'form.ocorrencia(attrs={'class': 'form-select'})'
[ERROR] 2025-03-22 02:18:46,130 basehttp "POST /planos/criar/ HTTP/1.1" 500 145
[ERROR] 2025-03-22 02:19:02,358 log Internal Server Error: /planos/criar/
Traceback (most recent call last):
  File "C:\Users\Jorge\gestao_ocorrencias\venv\Lib\site-packages\django\core\handlers\exception.py", line 55, in inner
    response = get_response(request)
               ^^^^^^^^^^^^^^^^^^^^^
  File "C:\Users\Jorge\gestao_ocorrencias\venv\Lib\site-packages\django\core\handlers\base.py", line 197, in _get_response
    response = wrapped_callback(request, *callback_args, **callback_kwargs)
               ^^^^^^^^^^^^^^^^^^^^^^^^^^^^^^^^^^^^^^^^^^^^^^^^^^^^^^^^^^^^
  File "C:\Users\Jorge\gestao_ocorrencias\venv\Lib\site-packages\django\contrib\auth\decorators.py", line 60, in _view_wrapper
    return view_func(request, *args, **kwargs)
           ^^^^^^^^^^^^^^^^^^^^^^^^^^^^^^^^^^^
  File "C:\Users\Jorge\gestao_ocorrencias\planos_acao\views.py", line 69, in criar_plano
    return render(request, "planos_acao/criar_plano.html", {"form": form})
           ^^^^^^^^^^^^^^^^^^^^^^^^^^^^^^^^^^^^^^^^^^^^^^^^^^^^^^^^^^^^^^^
  File "C:\Users\Jorge\gestao_ocorrencias\venv\Lib\site-packages\django\shortcuts.py", line 25, in render
    content = loader.render_to_string(template_name, context, request, using=using)
              ^^^^^^^^^^^^^^^^^^^^^^^^^^^^^^^^^^^^^^^^^^^^^^^^^^^^^^^^^^^^^^^^^^^^^
  File "C:\Users\Jorge\gestao_ocorrencias\venv\Lib\site-packages\django\template\loader.py", line 61, in render_to_string
    template = get_template(template_name, using=using)
               ^^^^^^^^^^^^^^^^^^^^^^^^^^^^^^^^^^^^^^^^
  File "C:\Users\Jorge\gestao_ocorrencias\venv\Lib\site-packages\django\template\loader.py", line 15, in get_template
    return engine.get_template(template_name)
           ^^^^^^^^^^^^^^^^^^^^^^^^^^^^^^^^^^
  File "C:\Users\Jorge\gestao_ocorrencias\venv\Lib\site-packages\django\template\backends\django.py", line 79, in get_template
    return Template(self.engine.get_template(template_name), self)
                    ^^^^^^^^^^^^^^^^^^^^^^^^^^^^^^^^^^^^^^^
  File "C:\Users\Jorge\gestao_ocorrencias\venv\Lib\site-packages\django\template\engine.py", line 177, in get_template
    template, origin = self.find_template(template_name)
                       ^^^^^^^^^^^^^^^^^^^^^^^^^^^^^^^^^
  File "C:\Users\Jorge\gestao_ocorrencias\venv\Lib\site-packages\django\template\engine.py", line 159, in find_template
    template = loader.get_template(name, skip=skip)
               ^^^^^^^^^^^^^^^^^^^^^^^^^^^^^^^^^^^^
  File "C:\Users\Jorge\gestao_ocorrencias\venv\Lib\site-packages\django\template\loaders\cached.py", line 57, in get_template
    template = super().get_template(template_name, skip)
               ^^^^^^^^^^^^^^^^^^^^^^^^^^^^^^^^^^^^^^^^^
  File "C:\Users\Jorge\gestao_ocorrencias\venv\Lib\site-packages\django\template\loaders\base.py", line 28, in get_template
    return Template(
           ^^^^^^^^^
  File "C:\Users\Jorge\gestao_ocorrencias\venv\Lib\site-packages\django\template\base.py", line 154, in __init__
    self.nodelist = self.compile_nodelist()
                    ^^^^^^^^^^^^^^^^^^^^^^^
  File "C:\Users\Jorge\gestao_ocorrencias\venv\Lib\site-packages\django\template\base.py", line 196, in compile_nodelist
    nodelist = parser.parse()
               ^^^^^^^^^^^^^^
  File "C:\Users\Jorge\gestao_ocorrencias\venv\Lib\site-packages\django\template\base.py", line 518, in parse
    raise self.error(token, e)
  File "C:\Users\Jorge\gestao_ocorrencias\venv\Lib\site-packages\django\template\base.py", line 516, in parse
    compiled_result = compile_func(self, token)
                      ^^^^^^^^^^^^^^^^^^^^^^^^^
  File "C:\Users\Jorge\gestao_ocorrencias\venv\Lib\site-packages\django\template\loader_tags.py", line 295, in do_extends
    nodelist = parser.parse()
               ^^^^^^^^^^^^^^
  File "C:\Users\Jorge\gestao_ocorrencias\venv\Lib\site-packages\django\template\base.py", line 518, in parse
    raise self.error(token, e)
  File "C:\Users\Jorge\gestao_ocorrencias\venv\Lib\site-packages\django\template\base.py", line 516, in parse
    compiled_result = compile_func(self, token)
                      ^^^^^^^^^^^^^^^^^^^^^^^^^
  File "C:\Users\Jorge\gestao_ocorrencias\venv\Lib\site-packages\django\template\loader_tags.py", line 234, in do_block
    nodelist = parser.parse(("endblock",))
               ^^^^^^^^^^^^^^^^^^^^^^^^^^^
  File "C:\Users\Jorge\gestao_ocorrencias\venv\Lib\site-packages\django\template\base.py", line 489, in parse
    raise self.error(token, e)
  File "C:\Users\Jorge\gestao_ocorrencias\venv\Lib\site-packages\django\template\base.py", line 487, in parse
    filter_expression = self.compile_filter(token.contents)
                        ^^^^^^^^^^^^^^^^^^^^^^^^^^^^^^^^^^^
  File "C:\Users\Jorge\gestao_ocorrencias\venv\Lib\site-packages\django\template\base.py", line 605, in compile_filter
    return FilterExpression(token, self)
           ^^^^^^^^^^^^^^^^^^^^^^^^^^^^^
  File "C:\Users\Jorge\gestao_ocorrencias\venv\Lib\site-packages\django\template\base.py", line 706, in __init__
    raise TemplateSyntaxError(
django.template.exceptions.TemplateSyntaxError: Could not parse the remainder: '(attrs={'class': 'form-select'})' from 'form.ocorrencia(attrs={'class': 'form-select'})'
[ERROR] 2025-03-22 02:19:02,509 basehttp "POST /planos/criar/ HTTP/1.1" 500 145
[INFO] 2025-03-22 02:19:35,258 basehttp "POST /planos/criar/ HTTP/1.1" 200 7988
[INFO] 2025-03-22 02:19:43,496 basehttp "POST /planos/criar/ HTTP/1.1" 200 7988
[INFO] 2025-03-22 02:19:59,829 basehttp "POST /planos/criar/ HTTP/1.1" 200 7988
[INFO] 2025-03-22 02:20:08,259 basehttp "GET /planos/ HTTP/1.1" 200 9920
[INFO] 2025-03-22 02:20:15,927 basehttp "GET /planos/editar/1/ HTTP/1.1" 200 7517
[INFO] 2025-03-22 02:20:35,317 basehttp "POST /planos/editar/1/ HTTP/1.1" 302 0
[INFO] 2025-03-22 02:20:38,742 basehttp "GET /planos/ HTTP/1.1" 200 9920
[INFO] 2025-03-22 02:22:22,067 basehttp "GET /planos/editar/4/ HTTP/1.1" 200 7521
[INFO] 2025-03-22 02:22:30,093 autoreload C:\Users\Jorge\gestao_ocorrencias\planos_acao\views.py changed, reloading.
[INFO] 2025-03-22 02:22:31,504 autoreload Watching for file changes with StatReloader
[INFO] 2025-03-22 02:22:39,223 basehttp "GET /planos/editar/4/ HTTP/1.1" 200 7521
[INFO] 2025-03-22 02:23:51,490 basehttp "GET /planos/ HTTP/1.1" 200 9920
[INFO] 2025-03-22 02:24:39,236 autoreload C:\Users\Jorge\gestao_ocorrencias\planos_acao\views.py changed, reloading.
[INFO] 2025-03-22 02:24:40,745 autoreload Watching for file changes with StatReloader
[INFO] 2025-03-22 02:25:09,702 autoreload C:\Users\Jorge\gestao_ocorrencias\planos_acao\forms.py changed, reloading.
[INFO] 2025-03-22 02:25:11,065 autoreload Watching for file changes with StatReloader
[INFO] 2025-03-22 02:25:27,254 basehttp "GET /planos/ HTTP/1.1" 200 9920
[INFO] 2025-03-22 02:25:36,986 basehttp "GET /planos/?responsavel=&status=Pendente&data_inicio=&data_fim= HTTP/1.1" 200 6663
[INFO] 2025-03-22 02:25:43,954 basehttp "GET /planos/?responsavel=&status=&data_inicio=&data_fim= HTTP/1.1" 200 9920
[INFO] 2025-03-22 02:26:15,918 basehttp "GET /planos/criar/ HTTP/1.1" 200 8477
[INFO] 2025-03-22 02:26:36,777 basehttp "POST /planos/criar/ HTTP/1.1" 302 0
[INFO] 2025-03-22 02:26:41,070 basehttp "GET /planos/ HTTP/1.1" 200 10765
[INFO] 2025-03-22 02:26:50,530 basehttp "GET /planos/criar/ HTTP/1.1" 200 8477
[INFO] 2025-03-22 02:27:20,006 basehttp "POST /planos/criar/ HTTP/1.1" 200 8557
[INFO] 2025-03-22 02:27:26,132 basehttp "POST /planos/criar/ HTTP/1.1" 200 8557
[INFO] 2025-03-22 02:27:52,940 autoreload C:\Users\Jorge\gestao_ocorrencias\planos_acao\views.py changed, reloading.
[INFO] 2025-03-22 02:27:54,272 autoreload Watching for file changes with StatReloader
[INFO] 2025-03-22 02:28:10,154 autoreload C:\Users\Jorge\gestao_ocorrencias\planos_acao\views.py changed, reloading.
[INFO] 2025-03-22 02:28:11,514 autoreload Watching for file changes with StatReloader
[INFO] 2025-03-22 02:29:28,138 basehttp "GET /planos/ HTTP/1.1" 200 10357
[INFO] 2025-03-22 02:29:35,922 basehttp "GET /planos/?responsavel=&status=pendente&data_inicio=&data_fim= HTTP/1.1" 200 7416
[INFO] 2025-03-22 02:29:42,272 basehttp "GET /planos/?responsavel=&status=em_andamento&data_inicio=&data_fim= HTTP/1.1" 200 8832
[INFO] 2025-03-22 02:29:47,221 basehttp "GET /planos/?responsavel=&status=concluido&data_inicio=&data_fim= HTTP/1.1" 200 7363
[INFO] 2025-03-22 02:29:56,491 basehttp "GET /planos/?responsavel=&status=&data_inicio=&data_fim= HTTP/1.1" 200 10357
[INFO] 2025-03-22 02:30:04,918 basehttp "GET /planos/?responsavel=Jorge&status=&data_inicio=&data_fim= HTTP/1.1" 200 7360
[INFO] 2025-03-22 02:30:11,770 basehttp "GET /planos/?responsavel=&status=&data_inicio=&data_fim= HTTP/1.1" 200 10357
[INFO] 2025-03-22 02:30:17,843 basehttp "GET /planos/criar/ HTTP/1.1" 200 8477
[INFO] 2025-03-22 02:31:04,158 basehttp "GET /planos/criar/ HTTP/1.1" 200 8361
[INFO] 2025-03-22 02:31:30,007 basehttp "POST /planos/criar/ HTTP/1.1" 200 8445
[INFO] 2025-03-22 02:32:51,353 basehttp "GET /sinopse/ HTTP/1.1" 200 5963
[INFO] 2025-03-22 02:33:03,276 basehttp "GET /sinopse/?data_inicio=2025-03-21&data_fim=2025-03-21 HTTP/1.1" 200 8187
[INFO] 2025-03-22 02:35:12,627 basehttp "GET /planos/ HTTP/1.1" 200 10357
[INFO] 2025-03-22 02:35:32,243 basehttp "GET /planos/criar/ HTTP/1.1" 200 7530
[INFO] 2025-03-22 02:36:05,438 basehttp "POST /planos/criar/ HTTP/1.1" 200 7627
[INFO] 2025-03-22 02:37:00,933 autoreload C:\Users\Jorge\gestao_ocorrencias\planos_acao\forms.py changed, reloading.
[INFO] 2025-03-22 02:37:07,114 autoreload Watching for file changes with StatReloader
[INFO] 2025-03-22 02:37:19,771 basehttp "POST /planos/criar/ HTTP/1.1" 200 7626
[INFO] 2025-03-22 02:37:27,789 basehttp "POST /planos/criar/ HTTP/1.1" 200 7626
[INFO] 2025-03-22 02:37:33,839 basehttp "POST /planos/criar/ HTTP/1.1" 200 7626
[INFO] 2025-03-22 02:37:56,623 autoreload C:\Users\Jorge\gestao_ocorrencias\planos_acao\forms.py changed, reloading.
[INFO] 2025-03-22 02:37:58,077 autoreload Watching for file changes with StatReloader
[INFO] 2025-03-22 02:38:07,861 basehttp "POST /planos/criar/ HTTP/1.1" 200 7622
[INFO] 2025-03-22 02:38:20,794 basehttp "POST /planos/criar/ HTTP/1.1" 302 0
[INFO] 2025-03-22 02:38:25,667 basehttp "GET /planos/ HTTP/1.1" 200 11155
[INFO] 2025-03-22 02:38:39,090 basehttp "GET /planos/editar/4/ HTTP/1.1" 200 7233
[INFO] 2025-03-22 02:39:06,974 basehttp "POST /planos/editar/4/ HTTP/1.1" 200 7360
[INFO] 2025-03-22 02:39:16,863 basehttp "GET /planos/ HTTP/1.1" 200 11103
[INFO] 2025-03-22 02:39:24,740 basehttp "GET /planos/?responsavel=&status=pendente&data_inicio=&data_fim= HTTP/1.1" 200 7416
[INFO] 2025-03-22 02:39:35,144 basehttp "GET /planos/?responsavel=&status=&data_inicio=&data_fim= HTTP/1.1" 200 11103
[INFO] 2025-03-22 02:41:37,276 autoreload C:\Users\Jorge\gestao_ocorrencias\planos_acao\views.py changed, reloading.
[INFO] 2025-03-22 02:41:38,827 autoreload Watching for file changes with StatReloader
[INFO] 2025-03-22 02:41:46,279 basehttp "GET /planos/criar/ HTTP/1.1" 200 7525
[INFO] 2025-03-22 02:42:17,534 basehttp "POST /planos/criar/ HTTP/1.1" 200 7822
[INFO] 2025-03-22 02:42:40,705 basehttp "POST /planos/criar/ HTTP/1.1" 302 0
[INFO] 2025-03-22 02:42:46,016 basehttp "GET /planos/ HTTP/1.1" 200 11874
[INFO] 2025-03-22 02:42:55,083 basehttp "GET /planos/criar/ HTTP/1.1" 200 7525
[INFO] 2025-03-22 02:44:18,281 autoreload C:\Users\Jorge\gestao_ocorrencias\planos_acao\models.py changed, reloading.
[INFO] 2025-03-22 02:44:19,780 autoreload Watching for file changes with StatReloader
[INFO] 2025-03-22 02:48:16,065 autoreload C:\Users\Jorge\gestao_ocorrencias\planos_acao\forms.py changed, reloading.
[INFO] 2025-03-22 02:48:17,656 autoreload Watching for file changes with StatReloader
[INFO] 2025-03-22 02:48:54,894 autoreload C:\Users\Jorge\gestao_ocorrencias\planos_acao\forms.py changed, reloading.
[INFO] 2025-03-22 02:48:56,427 autoreload Watching for file changes with StatReloader
[INFO] 2025-03-22 02:49:31,989 basehttp "POST /planos/criar/ HTTP/1.1" 200 7849
[INFO] 2025-03-22 02:50:36,739 basehttp "POST /planos/criar/ HTTP/1.1" 200 7838
[INFO] 2025-03-22 02:50:45,996 basehttp "POST /planos/criar/ HTTP/1.1" 302 0
[INFO] 2025-03-22 02:50:51,675 basehttp "GET /planos/ HTTP/1.1" 200 12566
[INFO] 2025-03-22 02:51:09,509 basehttp "GET /planos/ HTTP/1.1" 200 12514
[INFO] 2025-03-22 02:51:20,255 basehttp "GET /planos/deletar/7/ HTTP/1.1" 200 5674
[INFO] 2025-03-22 02:51:23,668 basehttp "POST /planos/deletar/7/ HTTP/1.1" 302 0
[INFO] 2025-03-22 02:51:28,885 basehttp "GET /planos/ HTTP/1.1" 200 11847
[INFO] 2025-03-22 02:51:35,812 basehttp "GET /planos/deletar/6/ HTTP/1.1" 200 5692
[INFO] 2025-03-22 02:51:39,520 basehttp "POST /planos/deletar/6/ HTTP/1.1" 302 0
[INFO] 2025-03-22 02:51:44,415 basehttp "GET /planos/ HTTP/1.1" 200 11101
[INFO] 2025-03-22 02:51:50,957 basehttp "GET /planos/editar/8/ HTTP/1.1" 200 7217
[INFO] 2025-03-22 02:52:11,876 basehttp "POST /planos/editar/8/ HTTP/1.1" 302 0
[INFO] 2025-03-22 02:52:16,289 basehttp "GET /planos/ HTTP/1.1" 200 11045
[INFO] 2025-03-22 02:52:29,820 basehttp "GET /planos/editar/8/ HTTP/1.1" 200 7217
[INFO] 2025-03-22 02:53:09,731 autoreload C:\Users\Jorge\gestao_ocorrencias\planos_acao\models.py changed, reloading.
[INFO] 2025-03-22 02:53:11,213 autoreload Watching for file changes with StatReloader
[INFO] 2025-03-22 02:53:57,949 autoreload C:\Users\Jorge\gestao_ocorrencias\planos_acao\views.py changed, reloading.
[INFO] 2025-03-22 02:53:59,381 autoreload Watching for file changes with StatReloader
[INFO] 2025-03-22 02:54:47,381 autoreload C:\Users\Jorge\gestao_ocorrencias\planos_acao\models.py changed, reloading.
[INFO] 2025-03-22 02:54:48,787 autoreload Watching for file changes with StatReloader
[INFO] 2025-03-22 02:55:08,700 basehttp "POST /planos/editar/8/ HTTP/1.1" 302 0
[INFO] 2025-03-22 02:55:13,200 basehttp "GET /planos/ HTTP/1.1" 200 11045
[INFO] 2025-03-22 02:55:43,470 autoreload C:\Users\Jorge\gestao_ocorrencias\planos_acao\models.py changed, reloading.
[INFO] 2025-03-22 02:55:44,778 autoreload Watching for file changes with StatReloader
[INFO] 2025-03-22 02:55:58,578 basehttp "GET /planos/criar/ HTTP/1.1" 200 7527
[INFO] 2025-03-22 02:56:24,781 basehttp "POST /planos/criar/ HTTP/1.1" 200 8073
[INFO] 2025-03-22 02:56:50,063 basehttp "POST /planos/criar/ HTTP/1.1" 200 7824
[INFO] 2025-03-22 02:57:00,626 basehttp "POST /planos/criar/ HTTP/1.1" 302 0
[INFO] 2025-03-22 02:57:06,086 basehttp "GET /planos/ HTTP/1.1" 200 11774
[INFO] 2025-03-22 02:57:12,808 basehttp "GET /planos/detalhar/4/ HTTP/1.1" 200 5886
[INFO] 2025-03-22 02:57:19,338 basehttp "GET /planos/ HTTP/1.1" 200 11722
[INFO] 2025-03-22 02:59:17,538 basehttp "GET /planos/?responsavel=&status=em_andamento&data_inicio=&data_fim= HTTP/1.1" 200 8832
[INFO] 2025-03-22 02:59:41,400 basehttp "GET /planos/?responsavel=&status=&data_inicio=&data_fim= HTTP/1.1" 200 11722
[INFO] 2025-03-22 03:03:19,178 autoreload C:\Users\Jorge\gestao_ocorrencias\planos_acao\models.py changed, reloading.
[INFO] 2025-03-22 03:03:20,685 autoreload Watching for file changes with StatReloader
[INFO] 2025-03-22 03:05:18,305 autoreload C:\Users\Jorge\gestao_ocorrencias\planos_acao\views.py changed, reloading.
[INFO] 2025-03-22 03:05:19,806 autoreload Watching for file changes with StatReloader
[INFO] 2025-03-22 03:05:52,942 autoreload C:\Users\Jorge\gestao_ocorrencias\planos_acao\views.py changed, reloading.
[INFO] 2025-03-22 03:05:54,392 autoreload Watching for file changes with StatReloader
[INFO] 2025-03-22 03:07:09,983 basehttp "GET /planos/?responsavel=&status=&data_inicio=&data_fim= HTTP/1.1" 200 11961
[INFO] 2025-03-22 03:07:24,557 basehttp "GET /planos/deletar/9/ HTTP/1.1" 200 5676
[INFO] 2025-03-22 03:07:27,904 basehttp "POST /planos/deletar/9/ HTTP/1.1" 302 0
[INFO] 2025-03-22 03:07:32,683 basehttp "GET /planos/ HTTP/1.1" 200 11308
[ERROR] 2025-03-22 03:07:40,056 log Internal Server Error: /planos/criar/
Traceback (most recent call last):
  File "C:\Users\Jorge\gestao_ocorrencias\venv\Lib\site-packages\django\template\defaulttags.py", line 1035, in find_library
    return parser.libraries[name]
           ~~~~~~~~~~~~~~~~^^^^^^
KeyError: 'crispy_forms_tags'

During handling of the above exception, another exception occurred:

Traceback (most recent call last):
  File "C:\Users\Jorge\gestao_ocorrencias\venv\Lib\site-packages\django\core\handlers\exception.py", line 55, in inner
    response = get_response(request)
               ^^^^^^^^^^^^^^^^^^^^^
  File "C:\Users\Jorge\gestao_ocorrencias\venv\Lib\site-packages\django\core\handlers\base.py", line 197, in _get_response
    response = wrapped_callback(request, *callback_args, **callback_kwargs)
               ^^^^^^^^^^^^^^^^^^^^^^^^^^^^^^^^^^^^^^^^^^^^^^^^^^^^^^^^^^^^
  File "C:\Users\Jorge\gestao_ocorrencias\venv\Lib\site-packages\django\contrib\auth\decorators.py", line 60, in _view_wrapper
    return view_func(request, *args, **kwargs)
           ^^^^^^^^^^^^^^^^^^^^^^^^^^^^^^^^^^^
  File "C:\Users\Jorge\gestao_ocorrencias\planos_acao\views.py", line 78, in criar_plano
    return render(request, 'planos_acao/criar_plano.html', {'form': form})
           ^^^^^^^^^^^^^^^^^^^^^^^^^^^^^^^^^^^^^^^^^^^^^^^^^^^^^^^^^^^^^^^
  File "C:\Users\Jorge\gestao_ocorrencias\venv\Lib\site-packages\django\shortcuts.py", line 25, in render
    content = loader.render_to_string(template_name, context, request, using=using)
              ^^^^^^^^^^^^^^^^^^^^^^^^^^^^^^^^^^^^^^^^^^^^^^^^^^^^^^^^^^^^^^^^^^^^^
  File "C:\Users\Jorge\gestao_ocorrencias\venv\Lib\site-packages\django\template\loader.py", line 61, in render_to_string
    template = get_template(template_name, using=using)
               ^^^^^^^^^^^^^^^^^^^^^^^^^^^^^^^^^^^^^^^^
  File "C:\Users\Jorge\gestao_ocorrencias\venv\Lib\site-packages\django\template\loader.py", line 15, in get_template
    return engine.get_template(template_name)
           ^^^^^^^^^^^^^^^^^^^^^^^^^^^^^^^^^^
  File "C:\Users\Jorge\gestao_ocorrencias\venv\Lib\site-packages\django\template\backends\django.py", line 79, in get_template
    return Template(self.engine.get_template(template_name), self)
                    ^^^^^^^^^^^^^^^^^^^^^^^^^^^^^^^^^^^^^^^
  File "C:\Users\Jorge\gestao_ocorrencias\venv\Lib\site-packages\django\template\engine.py", line 177, in get_template
    template, origin = self.find_template(template_name)
                       ^^^^^^^^^^^^^^^^^^^^^^^^^^^^^^^^^
  File "C:\Users\Jorge\gestao_ocorrencias\venv\Lib\site-packages\django\template\engine.py", line 159, in find_template
    template = loader.get_template(name, skip=skip)
               ^^^^^^^^^^^^^^^^^^^^^^^^^^^^^^^^^^^^
  File "C:\Users\Jorge\gestao_ocorrencias\venv\Lib\site-packages\django\template\loaders\cached.py", line 57, in get_template
    template = super().get_template(template_name, skip)
               ^^^^^^^^^^^^^^^^^^^^^^^^^^^^^^^^^^^^^^^^^
  File "C:\Users\Jorge\gestao_ocorrencias\venv\Lib\site-packages\django\template\loaders\base.py", line 28, in get_template
    return Template(
           ^^^^^^^^^
  File "C:\Users\Jorge\gestao_ocorrencias\venv\Lib\site-packages\django\template\base.py", line 154, in __init__
    self.nodelist = self.compile_nodelist()
                    ^^^^^^^^^^^^^^^^^^^^^^^
  File "C:\Users\Jorge\gestao_ocorrencias\venv\Lib\site-packages\django\template\base.py", line 196, in compile_nodelist
    nodelist = parser.parse()
               ^^^^^^^^^^^^^^
  File "C:\Users\Jorge\gestao_ocorrencias\venv\Lib\site-packages\django\template\base.py", line 518, in parse
    raise self.error(token, e)
  File "C:\Users\Jorge\gestao_ocorrencias\venv\Lib\site-packages\django\template\base.py", line 516, in parse
    compiled_result = compile_func(self, token)
                      ^^^^^^^^^^^^^^^^^^^^^^^^^
  File "C:\Users\Jorge\gestao_ocorrencias\venv\Lib\site-packages\django\template\loader_tags.py", line 295, in do_extends
    nodelist = parser.parse()
               ^^^^^^^^^^^^^^
  File "C:\Users\Jorge\gestao_ocorrencias\venv\Lib\site-packages\django\template\base.py", line 518, in parse
    raise self.error(token, e)
  File "C:\Users\Jorge\gestao_ocorrencias\venv\Lib\site-packages\django\template\base.py", line 516, in parse
    compiled_result = compile_func(self, token)
                      ^^^^^^^^^^^^^^^^^^^^^^^^^
  File "C:\Users\Jorge\gestao_ocorrencias\venv\Lib\site-packages\django\template\defaulttags.py", line 1097, in load
    lib = find_library(parser, name)
          ^^^^^^^^^^^^^^^^^^^^^^^^^^
  File "C:\Users\Jorge\gestao_ocorrencias\venv\Lib\site-packages\django\template\defaulttags.py", line 1037, in find_library
    raise TemplateSyntaxError(
django.template.exceptions.TemplateSyntaxError: 'crispy_forms_tags' is not a registered tag library. Must be one of:
admin_list
admin_modify
admin_urls
cache
filtros_customizados
i18n
jazzmin
l10n
log
static
tz
[ERROR] 2025-03-22 03:07:40,291 basehttp "GET /planos/criar/ HTTP/1.1" 500 145
[ERROR] 2025-03-22 03:07:52,972 log Internal Server Error: /planos/criar/
Traceback (most recent call last):
  File "C:\Users\Jorge\gestao_ocorrencias\venv\Lib\site-packages\django\template\defaulttags.py", line 1035, in find_library
    return parser.libraries[name]
           ~~~~~~~~~~~~~~~~^^^^^^
KeyError: 'crispy_forms_tags'

During handling of the above exception, another exception occurred:

Traceback (most recent call last):
  File "C:\Users\Jorge\gestao_ocorrencias\venv\Lib\site-packages\django\core\handlers\exception.py", line 55, in inner
    response = get_response(request)
               ^^^^^^^^^^^^^^^^^^^^^
  File "C:\Users\Jorge\gestao_ocorrencias\venv\Lib\site-packages\django\core\handlers\base.py", line 197, in _get_response
    response = wrapped_callback(request, *callback_args, **callback_kwargs)
               ^^^^^^^^^^^^^^^^^^^^^^^^^^^^^^^^^^^^^^^^^^^^^^^^^^^^^^^^^^^^
  File "C:\Users\Jorge\gestao_ocorrencias\venv\Lib\site-packages\django\contrib\auth\decorators.py", line 60, in _view_wrapper
    return view_func(request, *args, **kwargs)
           ^^^^^^^^^^^^^^^^^^^^^^^^^^^^^^^^^^^
  File "C:\Users\Jorge\gestao_ocorrencias\planos_acao\views.py", line 78, in criar_plano
    return render(request, 'planos_acao/criar_plano.html', {'form': form})
           ^^^^^^^^^^^^^^^^^^^^^^^^^^^^^^^^^^^^^^^^^^^^^^^^^^^^^^^^^^^^^^^
  File "C:\Users\Jorge\gestao_ocorrencias\venv\Lib\site-packages\django\shortcuts.py", line 25, in render
    content = loader.render_to_string(template_name, context, request, using=using)
              ^^^^^^^^^^^^^^^^^^^^^^^^^^^^^^^^^^^^^^^^^^^^^^^^^^^^^^^^^^^^^^^^^^^^^
  File "C:\Users\Jorge\gestao_ocorrencias\venv\Lib\site-packages\django\template\loader.py", line 61, in render_to_string
    template = get_template(template_name, using=using)
               ^^^^^^^^^^^^^^^^^^^^^^^^^^^^^^^^^^^^^^^^
  File "C:\Users\Jorge\gestao_ocorrencias\venv\Lib\site-packages\django\template\loader.py", line 15, in get_template
    return engine.get_template(template_name)
           ^^^^^^^^^^^^^^^^^^^^^^^^^^^^^^^^^^
  File "C:\Users\Jorge\gestao_ocorrencias\venv\Lib\site-packages\django\template\backends\django.py", line 79, in get_template
    return Template(self.engine.get_template(template_name), self)
                    ^^^^^^^^^^^^^^^^^^^^^^^^^^^^^^^^^^^^^^^
  File "C:\Users\Jorge\gestao_ocorrencias\venv\Lib\site-packages\django\template\engine.py", line 177, in get_template
    template, origin = self.find_template(template_name)
                       ^^^^^^^^^^^^^^^^^^^^^^^^^^^^^^^^^
  File "C:\Users\Jorge\gestao_ocorrencias\venv\Lib\site-packages\django\template\engine.py", line 159, in find_template
    template = loader.get_template(name, skip=skip)
               ^^^^^^^^^^^^^^^^^^^^^^^^^^^^^^^^^^^^
  File "C:\Users\Jorge\gestao_ocorrencias\venv\Lib\site-packages\django\template\loaders\cached.py", line 57, in get_template
    template = super().get_template(template_name, skip)
               ^^^^^^^^^^^^^^^^^^^^^^^^^^^^^^^^^^^^^^^^^
  File "C:\Users\Jorge\gestao_ocorrencias\venv\Lib\site-packages\django\template\loaders\base.py", line 28, in get_template
    return Template(
           ^^^^^^^^^
  File "C:\Users\Jorge\gestao_ocorrencias\venv\Lib\site-packages\django\template\base.py", line 154, in __init__
    self.nodelist = self.compile_nodelist()
                    ^^^^^^^^^^^^^^^^^^^^^^^
  File "C:\Users\Jorge\gestao_ocorrencias\venv\Lib\site-packages\django\template\base.py", line 196, in compile_nodelist
    nodelist = parser.parse()
               ^^^^^^^^^^^^^^
  File "C:\Users\Jorge\gestao_ocorrencias\venv\Lib\site-packages\django\template\base.py", line 518, in parse
    raise self.error(token, e)
  File "C:\Users\Jorge\gestao_ocorrencias\venv\Lib\site-packages\django\template\base.py", line 516, in parse
    compiled_result = compile_func(self, token)
                      ^^^^^^^^^^^^^^^^^^^^^^^^^
  File "C:\Users\Jorge\gestao_ocorrencias\venv\Lib\site-packages\django\template\loader_tags.py", line 295, in do_extends
    nodelist = parser.parse()
               ^^^^^^^^^^^^^^
  File "C:\Users\Jorge\gestao_ocorrencias\venv\Lib\site-packages\django\template\base.py", line 518, in parse
    raise self.error(token, e)
  File "C:\Users\Jorge\gestao_ocorrencias\venv\Lib\site-packages\django\template\base.py", line 516, in parse
    compiled_result = compile_func(self, token)
                      ^^^^^^^^^^^^^^^^^^^^^^^^^
  File "C:\Users\Jorge\gestao_ocorrencias\venv\Lib\site-packages\django\template\defaulttags.py", line 1097, in load
    lib = find_library(parser, name)
          ^^^^^^^^^^^^^^^^^^^^^^^^^^
  File "C:\Users\Jorge\gestao_ocorrencias\venv\Lib\site-packages\django\template\defaulttags.py", line 1037, in find_library
    raise TemplateSyntaxError(
django.template.exceptions.TemplateSyntaxError: 'crispy_forms_tags' is not a registered tag library. Must be one of:
admin_list
admin_modify
admin_urls
cache
filtros_customizados
i18n
jazzmin
l10n
log
static
tz
[ERROR] 2025-03-22 03:07:53,130 basehttp "GET /planos/criar/ HTTP/1.1" 500 145
[INFO] 2025-03-22 03:09:54,636 autoreload C:\Users\Jorge\gestao_ocorrencias\planos_acao\views.py changed, reloading.
[INFO] 2025-03-22 03:09:56,007 autoreload Watching for file changes with StatReloader
